
<!DOCTYPE html>
<html>


<head>
	<meta charset='utf-8' /> 
	<meta name='description' content='' />
	<meta name='robots' content='noodp, noydir' />
	<meta name='viewport' content='width=device-width, initial-scale=1' />
	<meta id="timeStampFormat" name="timeStampFormat" content='MMM d, yyyy hh:mm:ss a'/>
	
	<link href='https://fonts.googleapis.com/css?family=Source+Sans+Pro:400,600' rel='stylesheet' type='text/css' />
	<link href="https://fonts.googleapis.com/icon?family=Material+Icons" rel="stylesheet" />

		<link href='https://cdn.rawgit.com/anshooarora/extentreports-java/b4a58fcfd1e137bd9287244035a7c80d3d73b3af/dist/css/extent.css' type='text/css' rel='stylesheet' />
	
	<title>ExtentReports</title>

	<style type='text/css'>
	</style>
</head>

	<body class='extent standard default hide-overflow bdd-report'>
		<div id='theme-selector' alt='Click to toggle theme. To enable by default, use theme configuration.' title='Click to toggle theme. To enable by default, use theme configuration.'>
			<span><i class='material-icons'>desktop_windows</i></span>
		</div>

<nav>
	<div class="nav-wrapper">
		<a href="#!" class="brand-logo blue darken-3">Extent</a>

		<!-- slideout menu -->
		<ul id='slide-out' class='side-nav fixed hide-on-med-and-down'>
			<li class='waves-effect active'><a href='#!' view='test-view' onclick="configureView(0);chartsView('test');"><i class='material-icons'>dashboard</i></a></li>
						<li class='waves-effect'><a href='#!' view='exception-view' onclick="configureView(2)"><i class='material-icons'>bug_report</i></a></li>
			<li class='waves-effect'><a href='#!' onclick="configureView(-1);chartsView('dashboard');" view='dashboard-view'><i class='material-icons'>track_changes</i></i></a></li>
		</ul>

		<!-- report name -->
		<span class='report-name'>ExtentReports</span>
		
		<!-- report headline -->
		<span class='report-headline'></span>

		<!-- nav-right -->
		<ul id='nav-mobile' class='right hide-on-med-and-down nav-right'>
			<li>
                <a href='#!'>
                    <span class='label suite-start-time blue darken-3'>Oct 10, 2020 12:36:14 PM</span>
				</a>
			</li>
			<li>
                <a href='#!'>
                    <span class='label blue darken-3'>3.1.5</span>
				</a>
			</li>
		</ul>
	</div>
</nav>

		<!-- container -->
		<div class='container'>

<div id='test-view' class='view'>
				
	<section id='controls'>
		<div class='controls grey lighten-4'>
			<!-- test toggle -->
			<div class='chip transparent'>
				<a class='dropdown-button tests-toggle' data-activates='tests-toggle' data-constrainwidth='true' data-beloworigin='true' data-hover='true' href='#'>
					<i class='material-icons'>warning</i> Status
				</a>
				<ul id='tests-toggle' class='dropdown-content'>
											<li status='pass'><a href='#!'>Pass <i class='material-icons green-text'>check_circle</i></a></li>
						<li status='fail'><a href='#!'>Fail <i class='material-icons red-text'>cancel</i></a></li>
						<li status='skip'><a href='#!'>Skip <i class='material-icons cyan-text'>redo</i></a></li>
					<li class='divider'></li>
					<li status='clear' clear='true'><a href='#!'>Clear Filters <i class='material-icons'>clear</i></a></li>
				</ul>
			</div>
			<!-- test toggle -->

			<!-- category toggle -->
			<!-- category toggle -->

			<!-- clear filters -->
			<div class='chip transparent hide'>
				<a class='' id='clear-filters' alt='Clear Filters' title='Clear Filters'>
					<i class='material-icons'>close</i> Clear
				</a>
			</div>
			<!-- clear filters -->

			<!-- enable dashboard -->
			<div id='toggle-test-view-charts' class='chip transparent'>
				<a class='pink-text' id='enable-dashboard' alt='Enable Dashboard' title='Enable Dashboard'>
					<i class='material-icons'>track_changes</i> Dashboard
				</a>
			</div>
			<!-- enable dashboard -->

			<!-- search -->
			<div class='chip transparent' alt='Search Tests' title='Search Tests'>
				<a href="#" class='search-div'>
					<i class='material-icons'>search</i> Search
				</a>

				<div class='input-field left hide'>
					<input id='search-tests' type='text' class='validate browser-default' placeholder='Search Tests...'>
				</div>
				
			</div>
			<!-- search -->
		</div>
	</section>


<div id='test-view-charts' class='subview-full'>
	<div id='charts-row' class='row nm-v nm-h'>
		<div class='col s12 m4 l4 np-h'>
			<div class='card-panel nm-v'>
				<div class='left panel-name'>Features</div>
				<div class='chart-box'>
					<canvas id='parent-analysis' width='100' height='80'></canvas>
				</div>
				<div class='block text-small'>
					<span class='tooltipped' data-position='top' data-tooltip='0%'><span class='strong'>0</span> feature(s) passed</span>
				</div>
				<div class='block text-small'>
					<span class='strong tooltipped' data-position='top' data-tooltip='100%'>8</span> feature(s) failed, <span class='strong tooltipped' data-position='top' data-tooltip='0%'>0</span> others
				</div>
			</div>
		</div>
		
		<div class='col s12 m4 l4 np-h'>
			<div class='card-panel nm-v'>
				<div class='left panel-name'>Scenarios</div>
				<div class='chart-box'>
					<canvas id='child-analysis' width='100' height='80'></canvas>
				</div>
				<div class='block text-small'>
					<span class='tooltipped' data-position='top' data-tooltip='68.75%'><span class='strong'>22</span> scenario(s) passed</span>
				</div>
				<div class='block text-small'>
					<span class='strong tooltipped' data-position='top' data-tooltip='31.25%'>10</span> scenario(s) failed, <span class='strong tooltipped' data-position='top' data-tooltip='0%'>0</span> others
				</div>
			</div>
		</div>
		
		<div class='col s12 m4 l4 np-h'>
			<div class='card-panel nm-v'>
				<div class='left panel-name'>Steps</div>
				<div class='chart-box'>
					<canvas id='grandchild-analysis' width='100' height='80'></canvas>
				</div>
				<div class='block text-small'>
					<span class='tooltipped' data-position='top' data-tooltip='36.207%'><span class='strong'>63</span> step(s) passed</span>
				</div>
				<div class='block text-small'>
					<span class='strong tooltipped' data-position='top' data-tooltip='5.747%'>10</span> step(s) failed, <span class='strong tooltipped' data-position='top' data-tooltip='58.046%'>101</span> others
				</div>
			</div>
		</div>
	</div>
</div>

	<div class='subview-left left'>
		
		<div class='view-summary'>
			<h5>Features</h5>
			<ul id='test-collection' class='test-collection'>
				
				
				<li class='test displayed active has-leaf fail' status='fail' bdd='true' test-id='1'>
					<div class='test-heading'>
						<span class='test-name'>Validate the Home Page Functional and Broken links check</span>
						<span class='test-time'>Oct 10, 2020 12:36:14 PM</span>
						<span class='test-status right fail'>fail</span>
					</div>
					<div class='test-content hide'>
<div class='scenariooutline node' test-id='2' status='fail'>
	<span class='duration right label'>0h 0m 31s+425ms</span>
	<div class='desc'>
		<b>ScenarioOutline</b>
		<span class="desc-text">Smoke test of the application Homepage functional test</span>
	</div>
	<ul class='steps'>
		<li test-id='3' class='node scenario fail' status='fail'>
			
			<b>Scenario</b>
			
			<span class="bdd-step-name">Smoke test of the application Homepage functional test</span>
			
				<ul class='steps'>
					<li test-id='4' class='node given pass' status='pass'><b>Given</b>
						<span class="bdd-step-name">Given User is on home page</span>
							<div class='pre'>passed</div>
					</li>
					<li test-id='5' class='node then fail' status='fail'><b>Then</b>
						<span class="bdd-step-name">Then User close the discount popup</span>
							<div class='pre'><pre>org.openqa.selenium.ElementClickInterceptedException: element click intercepted: Element is not clickable at point (506, 2799)
  (Session info: chrome=86.0.4240.75)
Build info: version: '3.141.59', revision: 'e82be7d358', time: '2018-11-14T08:17:03'
System info: host: 'AKNJC', ip: '192.168.0.108', os.name: 'Windows 10', os.arch: 'amd64', os.version: '10.0', java.version: '1.8.0_261'
Driver info: org.openqa.selenium.chrome.ChromeDriver
Capabilities {acceptInsecureCerts: false, browserName: chrome, browserVersion: 86.0.4240.75, chrome: {chromedriverVersion: 86.0.4240.22 (398b0743353ff..., userDataDir: C:\Users\Jay\AppData\Local\...}, goog:chromeOptions: {debuggerAddress: localhost:63679}, javascriptEnabled: true, networkConnectionEnabled: false, pageLoadStrategy: normal, platform: WINDOWS, platformName: WINDOWS, proxy: Proxy(), setWindowRect: true, strictFileInteractability: false, timeouts: {implicit: 0, pageLoad: 300000, script: 30000}, unhandledPromptBehavior: dismiss and notify, webauthn:virtualAuthenticators: true}
Session ID: bf32a0feec0468b1c8e1e9d2c4d8082f
	at sun.reflect.NativeConstructorAccessorImpl.newInstance0(Native Method)
	at sun.reflect.NativeConstructorAccessorImpl.newInstance(Unknown Source)
	at sun.reflect.DelegatingConstructorAccessorImpl.newInstance(Unknown Source)
	at java.lang.reflect.Constructor.newInstance(Unknown Source)
	at org.openqa.selenium.remote.http.W3CHttpResponseCodec.createException(W3CHttpResponseCodec.java:187)
	at org.openqa.selenium.remote.http.W3CHttpResponseCodec.decode(W3CHttpResponseCodec.java:122)
	at org.openqa.selenium.remote.http.W3CHttpResponseCodec.decode(W3CHttpResponseCodec.java:49)
	at org.openqa.selenium.remote.HttpCommandExecutor.execute(HttpCommandExecutor.java:158)
	at org.openqa.selenium.remote.service.DriverCommandExecutor.execute(DriverCommandExecutor.java:83)
	at org.openqa.selenium.remote.RemoteWebDriver.execute(RemoteWebDriver.java:552)
	at org.openqa.selenium.remote.RemoteWebElement.execute(RemoteWebElement.java:285)
	at org.openqa.selenium.remote.RemoteWebElement.click(RemoteWebElement.java:84)
	at stepDefinitions.HomeStepDefinition.user_close_the_discount_popup(HomeStepDefinition.java:73)
	at ✽.Then User close the discount popup(features/Home.feature:5)
</pre></div>
					</li>
					<li test-id='6' class='node and skip' status='skip'><b>And</b>
						<span class="bdd-step-name">And Scroll down and left and right arrow</span>
							<div class='pre'>skipped</div>
					</li>
					<li test-id='7' class='node and skip' status='skip'><b>And</b>
						<span class="bdd-step-name">And Scroll up and click on categories "Vitamins & Supplements"</span>
							<div class='pre'>skipped</div>
					</li>
					<li test-id='8' class='node and skip' status='skip'><b>And</b>
						<span class="bdd-step-name">And Click on Show more on narrow choice</span>
							<div class='pre'>skipped</div>
					</li>
					<li test-id='9' class='node and skip' status='skip'><b>And</b>
						<span class="bdd-step-name">And Click on Sub Category "Amino Acids"</span>
							<div class='pre'>skipped</div>
					</li>
					<li test-id='10' class='node and skip' status='skip'><b>And</b>
						<span class="bdd-step-name">And Click on Show less on narrow choice</span>
							<div class='pre'>skipped</div>
					</li>
					<li test-id='11' class='node and skip' status='skip'><b>And</b>
						<span class="bdd-step-name">And Click on Quick view</span>
							<div class='pre'>skipped</div>
					</li>
					<li test-id='12' class='node and skip' status='skip'><b>And</b>
						<span class="bdd-step-name">And Click on plus button and click on add to cart</span>
							<div class='pre'>skipped</div>
					</li>
					<li test-id='13' class='node and skip' status='skip'><b>And</b>
						<span class="bdd-step-name">And Enter coupon code "SAVEME5" and click on apply coupn button</span>
							<div class='pre'>skipped</div>
					</li>
					<li test-id='14' class='node and skip' status='skip'><b>And</b>
						<span class="bdd-step-name">And Click on Change address and enter new local address "United States (US)","New York","Lansing","60438"</span>
							<div class='pre'>skipped</div>
					</li>
					<li test-id='15' class='node and skip' status='skip'><b>And</b>
						<span class="bdd-step-name">And click on Proceed to checkout button</span>
							<div class='pre'>skipped</div>
					</li>
					<li test-id='16' class='node and skip' status='skip'><b>And</b>
						<span class="bdd-step-name">And Fill the billing details of the  user "Hoss","Tom","3647 173rd Court Lansing","LakeView Garden","New York","Lansing","60438","9855","hosstom"</span>
							<div class='pre'>skipped</div>
					</li>
					<li test-id='17' class='node and skip' status='skip'><b>And</b>
						<span class="bdd-step-name">And User entering new password "<Password>"</span>
							<div class='pre'>skipped</div>
					</li>
					<li test-id='18' class='node and skip' status='skip'><b>And</b>
						<span class="bdd-step-name">And Click on Shipping diffrent address checkbox</span>
							<div class='pre'>skipped</div>
					</li>
					<li test-id='19' class='node and skip' status='skip'><b>And</b>
						<span class="bdd-step-name">And Fill the shipping details of the  user "Hoss","Tom","3647 173rd Court Lansing","LakeView Garden","New York","Lansing","60438","9855","hosstom"</span>
							<div class='pre'>skipped</div>
					</li>
					<li test-id='20' class='node and skip' status='skip'><b>And</b>
						<span class="bdd-step-name">And User enter credit card details "4242424242424242","0325","123"</span>
							<div class='pre'>skipped</div>
					</li>
					<li test-id='21' class='node and skip' status='skip'><b>And</b>
						<span class="bdd-step-name">And User click on website terms and conditions</span>
							<div class='pre'>skipped</div>
					</li>
					<li test-id='22' class='node and skip' status='skip'><b>And</b>
						<span class="bdd-step-name">And Click on Place order button</span>
							<div class='pre'>skipped</div>
					</li>
					<li test-id='23' class='node and skip' status='skip'><b>And</b>
						<span class="bdd-step-name">And Verify the Total amount</span>
							<div class='pre'>skipped</div>
					</li>
					<li test-id='24' class='node and skip' status='skip'><b>And</b>
						<span class="bdd-step-name">And browser is closed</span>
							<div class='pre'>skipped</div>
					</li>
				</ul>
		</li>
	</ul>
</div>
<div class='scenariooutline node' test-id='25' status='pass'>
	<span class='duration right label'>0h 0m 35s+227ms</span>
	<div class='desc'>
		<b>ScenarioOutline</b>
		<span class="desc-text">Find Broken Links</span>
	</div>
	<ul class='steps'>
		<li test-id='26' class='node scenario pass' status='pass'>
			
			<b>Scenario</b>
			
			<span class="bdd-step-name">Find Broken Links</span>
			
				<ul class='steps'>
					<li test-id='27' class='node given pass' status='pass'><b>Given</b>
						<span class="bdd-step-name">Given User is on home page</span>
							<div class='pre'>passed</div>
					</li>
					<li test-id='28' class='node and pass' status='pass'><b>And</b>
						<span class="bdd-step-name">And finds the broken links for https://40plusmart.com/</span>
							<div class='pre'>passed</div>
					</li>
				</ul>
		</li>
		<li test-id='29' class='node scenario pass' status='pass'>
			
			<b>Scenario</b>
			
			<span class="bdd-step-name">Find Broken Links</span>
			
				<ul class='steps'>
					<li test-id='30' class='node given pass' status='pass'><b>Given</b>
						<span class="bdd-step-name">Given User is on home page</span>
							<div class='pre'>passed</div>
					</li>
					<li test-id='31' class='node and pass' status='pass'><b>And</b>
						<span class="bdd-step-name">And finds the broken links for https://40plusmart.com/contact/</span>
							<div class='pre'>passed</div>
					</li>
				</ul>
		</li>
		<li test-id='32' class='node scenario pass' status='pass'>
			
			<b>Scenario</b>
			
			<span class="bdd-step-name">Find Broken Links</span>
			
				<ul class='steps'>
					<li test-id='33' class='node given pass' status='pass'><b>Given</b>
						<span class="bdd-step-name">Given User is on home page</span>
							<div class='pre'>passed</div>
					</li>
					<li test-id='34' class='node and pass' status='pass'><b>And</b>
						<span class="bdd-step-name">And finds the broken links for https://40plusmart.com/about/</span>
							<div class='pre'>passed</div>
					</li>
				</ul>
		</li>
		<li test-id='35' class='node scenario pass' status='pass'>
			
			<b>Scenario</b>
			
			<span class="bdd-step-name">Find Broken Links</span>
			
				<ul class='steps'>
					<li test-id='36' class='node given pass' status='pass'><b>Given</b>
						<span class="bdd-step-name">Given User is on home page</span>
							<div class='pre'>passed</div>
					</li>
					<li test-id='37' class='node and pass' status='pass'><b>And</b>
						<span class="bdd-step-name">And finds the broken links for https://40plusmart.com/healthy-links/</span>
							<div class='pre'>passed</div>
					</li>
				</ul>
		</li>
		<li test-id='38' class='node scenario pass' status='pass'>
			
			<b>Scenario</b>
			
			<span class="bdd-step-name">Find Broken Links</span>
			
				<ul class='steps'>
					<li test-id='39' class='node given pass' status='pass'><b>Given</b>
						<span class="bdd-step-name">Given User is on home page</span>
							<div class='pre'>passed</div>
					</li>
					<li test-id='40' class='node and pass' status='pass'><b>And</b>
						<span class="bdd-step-name">And finds the broken links for https://40plusmart.com/orders-and-returns/</span>
							<div class='pre'>passed</div>
					</li>
				</ul>
		</li>
		<li test-id='41' class='node scenario pass' status='pass'>
			
			<b>Scenario</b>
			
			<span class="bdd-step-name">Find Broken Links</span>
			
				<ul class='steps'>
					<li test-id='42' class='node given pass' status='pass'><b>Given</b>
						<span class="bdd-step-name">Given User is on home page</span>
							<div class='pre'>passed</div>
					</li>
					<li test-id='43' class='node and pass' status='pass'><b>And</b>
						<span class="bdd-step-name">And finds the broken links for https://40plusmart.com/faqs/</span>
							<div class='pre'>passed</div>
					</li>
				</ul>
		</li>
		<li test-id='44' class='node scenario pass' status='pass'>
			
			<b>Scenario</b>
			
			<span class="bdd-step-name">Find Broken Links</span>
			
				<ul class='steps'>
					<li test-id='45' class='node given pass' status='pass'><b>Given</b>
						<span class="bdd-step-name">Given User is on home page</span>
							<div class='pre'>passed</div>
					</li>
					<li test-id='46' class='node and pass' status='pass'><b>And</b>
						<span class="bdd-step-name">And finds the broken links for https://40plusmart.com/store-location/</span>
							<div class='pre'>passed</div>
					</li>
				</ul>
		</li>
		<li test-id='47' class='node scenario pass' status='pass'>
			
			<b>Scenario</b>
			
			<span class="bdd-step-name">Find Broken Links</span>
			
				<ul class='steps'>
					<li test-id='48' class='node given pass' status='pass'><b>Given</b>
						<span class="bdd-step-name">Given User is on home page</span>
							<div class='pre'>passed</div>
					</li>
					<li test-id='49' class='node and pass' status='pass'><b>And</b>
						<span class="bdd-step-name">And finds the broken links for https://40plusmart.com/specials/</span>
							<div class='pre'>passed</div>
					</li>
				</ul>
		</li>
		<li test-id='50' class='node scenario pass' status='pass'>
			
			<b>Scenario</b>
			
			<span class="bdd-step-name">Find Broken Links</span>
			
				<ul class='steps'>
					<li test-id='51' class='node given pass' status='pass'><b>Given</b>
						<span class="bdd-step-name">Given User is on home page</span>
							<div class='pre'>passed</div>
					</li>
					<li test-id='52' class='node and pass' status='pass'><b>And</b>
						<span class="bdd-step-name">And finds the broken links for https://40plusmart.com/brands/</span>
							<div class='pre'>passed</div>
					</li>
				</ul>
		</li>
		<li test-id='53' class='node scenario pass' status='pass'>
			
			<b>Scenario</b>
			
			<span class="bdd-step-name">Find Broken Links</span>
			
				<ul class='steps'>
					<li test-id='54' class='node given pass' status='pass'><b>Given</b>
						<span class="bdd-step-name">Given User is on home page</span>
							<div class='pre'>passed</div>
					</li>
					<li test-id='55' class='node and pass' status='pass'><b>And</b>
						<span class="bdd-step-name">And finds the broken links for https://40plusmart.com/terms-and-conditions/</span>
							<div class='pre'>passed</div>
					</li>
				</ul>
		</li>
		<li test-id='56' class='node scenario pass' status='pass'>
			
			<b>Scenario</b>
			
			<span class="bdd-step-name">Find Broken Links</span>
			
				<ul class='steps'>
					<li test-id='57' class='node given pass' status='pass'><b>Given</b>
						<span class="bdd-step-name">Given User is on home page</span>
							<div class='pre'>passed</div>
					</li>
					<li test-id='58' class='node and pass' status='pass'><b>And</b>
						<span class="bdd-step-name">And finds the broken links for https://40plusmart.com/privacy-policy/</span>
							<div class='pre'>passed</div>
					</li>
				</ul>
		</li>
		<li test-id='59' class='node scenario pass' status='pass'>
			
			<b>Scenario</b>
			
			<span class="bdd-step-name">Find Broken Links</span>
			
				<ul class='steps'>
					<li test-id='60' class='node given pass' status='pass'><b>Given</b>
						<span class="bdd-step-name">Given User is on home page</span>
							<div class='pre'>passed</div>
					</li>
					<li test-id='61' class='node and pass' status='pass'><b>And</b>
						<span class="bdd-step-name">And finds the broken links for https://40plusmart.com/login/</span>
							<div class='pre'>passed</div>
					</li>
				</ul>
		</li>
	</ul>
</div>
					</div>
				</li>
				
				
				<li class='test displayed active has-leaf fail' status='fail' bdd='true' test-id='62'>
					<div class='test-heading'>
						<span class='test-name'>Validate Add product To Cart and Place Order</span>
						<span class='test-time'>Oct 10, 2020 12:37:21 PM</span>
						<span class='test-status right fail'>fail</span>
					</div>
					<div class='test-content hide'>
<div class='scenariooutline node' test-id='63' status='fail'>
	<span class='duration right label'>0h 0m 27s+251ms</span>
	<div class='desc'>
		<b>ScenarioOutline</b>
		<span class="desc-text">Smoke test of the application from Add product to Place order</span>
	</div>
	<ul class='steps'>
		<li test-id='64' class='node scenario fail' status='fail'>
			
			<b>Scenario</b>
			
			<span class="bdd-step-name">Smoke test of the application from Add product to Place order</span>
			
				<ul class='steps'>
					<li test-id='65' class='node given pass' status='pass'><b>Given</b>
						<span class="bdd-step-name">Given User is on home page</span>
							<div class='pre'>passed</div>
					</li>
					<li test-id='66' class='node then fail' status='fail'><b>Then</b>
						<span class="bdd-step-name">Then User close the discount popup</span>
							<div class='pre'><pre>org.openqa.selenium.ElementNotInteractableException: element not interactable
  (Session info: chrome=86.0.4240.75)
Build info: version: '3.141.59', revision: 'e82be7d358', time: '2018-11-14T08:17:03'
System info: host: 'AKNJC', ip: '192.168.0.108', os.name: 'Windows 10', os.arch: 'amd64', os.version: '10.0', java.version: '1.8.0_261'
Driver info: org.openqa.selenium.chrome.ChromeDriver
Capabilities {acceptInsecureCerts: false, browserName: chrome, browserVersion: 86.0.4240.75, chrome: {chromedriverVersion: 86.0.4240.22 (398b0743353ff..., userDataDir: C:\Users\Jay\AppData\Local\...}, goog:chromeOptions: {debuggerAddress: localhost:63679}, javascriptEnabled: true, networkConnectionEnabled: false, pageLoadStrategy: normal, platform: WINDOWS, platformName: WINDOWS, proxy: Proxy(), setWindowRect: true, strictFileInteractability: false, timeouts: {implicit: 0, pageLoad: 300000, script: 30000}, unhandledPromptBehavior: dismiss and notify, webauthn:virtualAuthenticators: true}
Session ID: bf32a0feec0468b1c8e1e9d2c4d8082f
	at sun.reflect.NativeConstructorAccessorImpl.newInstance0(Native Method)
	at sun.reflect.NativeConstructorAccessorImpl.newInstance(Unknown Source)
	at sun.reflect.DelegatingConstructorAccessorImpl.newInstance(Unknown Source)
	at java.lang.reflect.Constructor.newInstance(Unknown Source)
	at org.openqa.selenium.remote.http.W3CHttpResponseCodec.createException(W3CHttpResponseCodec.java:187)
	at org.openqa.selenium.remote.http.W3CHttpResponseCodec.decode(W3CHttpResponseCodec.java:122)
	at org.openqa.selenium.remote.http.W3CHttpResponseCodec.decode(W3CHttpResponseCodec.java:49)
	at org.openqa.selenium.remote.HttpCommandExecutor.execute(HttpCommandExecutor.java:158)
	at org.openqa.selenium.remote.service.DriverCommandExecutor.execute(DriverCommandExecutor.java:83)
	at org.openqa.selenium.remote.RemoteWebDriver.execute(RemoteWebDriver.java:552)
	at org.openqa.selenium.remote.RemoteWebElement.execute(RemoteWebElement.java:285)
	at org.openqa.selenium.remote.RemoteWebElement.sendKeys(RemoteWebElement.java:106)
	at stepDefinitions.HomeStepDefinition.user_close_the_discount_popup(HomeStepDefinition.java:72)
	at ✽.Then User close the discount popup(features/HomeAddToCart.feature:5)
</pre></div>
					</li>
					<li test-id='67' class='node when skip' status='skip'><b>When</b>
						<span class="bdd-step-name">When User adds a product to cart</span>
							<div class='pre'>skipped</div>
					</li>
					<li test-id='68' class='node and skip' status='skip'><b>And</b>
						<span class="bdd-step-name">And user click on term & condtions checkbox</span>
							<div class='pre'>skipped</div>
					</li>
					<li test-id='69' class='node and skip' status='skip'><b>And</b>
						<span class="bdd-step-name">And clicks checkout button</span>
							<div class='pre'>skipped</div>
					</li>
					<li test-id='70' class='node and skip' status='skip'><b>And</b>
						<span class="bdd-step-name">And Fill the billing details of the  user "Evan","More","3647 173rd Court Lansing","Circle","Illinois","Lansing","60438","987-456-78","evanmore"</span>
							<div class='pre'>skipped</div>
					</li>
					<li test-id='71' class='node and skip' status='skip'><b>And</b>
						<span class="bdd-step-name">And User entering new password "<Password>"</span>
							<div class='pre'>skipped</div>
					</li>
					<li test-id='72' class='node and skip' status='skip'><b>And</b>
						<span class="bdd-step-name">And Click on Shipping diffrent address checkbox</span>
							<div class='pre'>skipped</div>
					</li>
					<li test-id='73' class='node and skip' status='skip'><b>And</b>
						<span class="bdd-step-name">And Fill the shipping details of the  user "Evan","More","3647 173rd Court Lansing","Circle","Illinois","Lansing","60438","987-456-78","evanmore"</span>
							<div class='pre'>skipped</div>
					</li>
					<li test-id='74' class='node and skip' status='skip'><b>And</b>
						<span class="bdd-step-name">And User enter credit card details "4242424242424242","0325","123"</span>
							<div class='pre'>skipped</div>
					</li>
					<li test-id='75' class='node and skip' status='skip'><b>And</b>
						<span class="bdd-step-name">And User click on website terms and conditions</span>
							<div class='pre'>skipped</div>
					</li>
					<li test-id='76' class='node and skip' status='skip'><b>And</b>
						<span class="bdd-step-name">And Click on Place order button</span>
							<div class='pre'>skipped</div>
					</li>
					<li test-id='77' class='node and skip' status='skip'><b>And</b>
						<span class="bdd-step-name">And Verify the Total amount</span>
							<div class='pre'>skipped</div>
					</li>
					<li test-id='78' class='node and skip' status='skip'><b>And</b>
						<span class="bdd-step-name">And browser is closed</span>
							<div class='pre'>skipped</div>
					</li>
				</ul>
		</li>
	</ul>
</div>
					</div>
				</li>
				
				
				<li class='test displayed active has-leaf fail' status='fail' bdd='true' test-id='79'>
					<div class='test-heading'>
						<span class='test-name'>Validate Login To Application and Edit the account</span>
						<span class='test-time'>Oct 10, 2020 12:37:48 PM</span>
						<span class='test-status right fail'>fail</span>
					</div>
					<div class='test-content hide'>
<div class='scenariooutline node' test-id='80' status='fail'>
	<span class='duration right label'>0h 0m 27s+709ms</span>
	<div class='desc'>
		<b>ScenarioOutline</b>
		<span class="desc-text">Login with valid credentials</span>
	</div>
	<ul class='steps'>
		<li test-id='81' class='node scenario fail' status='fail'>
			
			<b>Scenario</b>
			
			<span class="bdd-step-name">Login with valid credentials</span>
			
				<ul class='steps'>
					<li test-id='82' class='node given pass' status='pass'><b>Given</b>
						<span class="bdd-step-name">Given User is on home page</span>
							<div class='pre'>passed</div>
					</li>
					<li test-id='83' class='node then fail' status='fail'><b>Then</b>
						<span class="bdd-step-name">Then User close the discount popup</span>
							<div class='pre'><pre>org.openqa.selenium.ElementNotInteractableException: element not interactable
  (Session info: chrome=86.0.4240.75)
Build info: version: '3.141.59', revision: 'e82be7d358', time: '2018-11-14T08:17:03'
System info: host: 'AKNJC', ip: '192.168.0.108', os.name: 'Windows 10', os.arch: 'amd64', os.version: '10.0', java.version: '1.8.0_261'
Driver info: org.openqa.selenium.chrome.ChromeDriver
Capabilities {acceptInsecureCerts: false, browserName: chrome, browserVersion: 86.0.4240.75, chrome: {chromedriverVersion: 86.0.4240.22 (398b0743353ff..., userDataDir: C:\Users\Jay\AppData\Local\...}, goog:chromeOptions: {debuggerAddress: localhost:63679}, javascriptEnabled: true, networkConnectionEnabled: false, pageLoadStrategy: normal, platform: WINDOWS, platformName: WINDOWS, proxy: Proxy(), setWindowRect: true, strictFileInteractability: false, timeouts: {implicit: 0, pageLoad: 300000, script: 30000}, unhandledPromptBehavior: dismiss and notify, webauthn:virtualAuthenticators: true}
Session ID: bf32a0feec0468b1c8e1e9d2c4d8082f
	at sun.reflect.NativeConstructorAccessorImpl.newInstance0(Native Method)
	at sun.reflect.NativeConstructorAccessorImpl.newInstance(Unknown Source)
	at sun.reflect.DelegatingConstructorAccessorImpl.newInstance(Unknown Source)
	at java.lang.reflect.Constructor.newInstance(Unknown Source)
	at org.openqa.selenium.remote.http.W3CHttpResponseCodec.createException(W3CHttpResponseCodec.java:187)
	at org.openqa.selenium.remote.http.W3CHttpResponseCodec.decode(W3CHttpResponseCodec.java:122)
	at org.openqa.selenium.remote.http.W3CHttpResponseCodec.decode(W3CHttpResponseCodec.java:49)
	at org.openqa.selenium.remote.HttpCommandExecutor.execute(HttpCommandExecutor.java:158)
	at org.openqa.selenium.remote.service.DriverCommandExecutor.execute(DriverCommandExecutor.java:83)
	at org.openqa.selenium.remote.RemoteWebDriver.execute(RemoteWebDriver.java:552)
	at org.openqa.selenium.remote.RemoteWebElement.execute(RemoteWebElement.java:285)
	at org.openqa.selenium.remote.RemoteWebElement.sendKeys(RemoteWebElement.java:106)
	at stepDefinitions.HomeStepDefinition.user_close_the_discount_popup(HomeStepDefinition.java:72)
	at ✽.Then User close the discount popup(features/Login.feature:5)
</pre></div>
					</li>
					<li test-id='84' class='node and skip' status='skip'><b>And</b>
						<span class="bdd-step-name">And Click on Signin and verify the title</span>
							<div class='pre'>skipped</div>
					</li>
					<li test-id='85' class='node and skip' status='skip'><b>And</b>
						<span class="bdd-step-name">And Enter "northsee24@mailinator.com", "Testbesttest@20" and click on submit button</span>
							<div class='pre'>skipped</div>
					</li>
					<li test-id='86' class='node and skip' status='skip'><b>And</b>
						<span class="bdd-step-name">And user should be logged in</span>
							<div class='pre'>skipped</div>
					</li>
					<li test-id='87' class='node and skip' status='skip'><b>And</b>
						<span class="bdd-step-name">And click on logout and verify the message</span>
							<div class='pre'>skipped</div>
					</li>
					<li test-id='88' class='node and skip' status='skip'><b>And</b>
						<span class="bdd-step-name">And browser is closed</span>
							<div class='pre'>skipped</div>
					</li>
				</ul>
		</li>
	</ul>
</div>
<div class='scenariooutline node' test-id='89' status='fail'>
	<span class='duration right label'>0h 0m 27s+761ms</span>
	<div class='desc'>
		<b>ScenarioOutline</b>
		<span class="desc-text">Update User and biling and shipping details</span>
	</div>
	<ul class='steps'>
		<li test-id='90' class='node scenario fail' status='fail'>
			
			<b>Scenario</b>
			
			<span class="bdd-step-name">Update User and biling and shipping details</span>
			
				<ul class='steps'>
					<li test-id='91' class='node given pass' status='pass'><b>Given</b>
						<span class="bdd-step-name">Given User is on home page</span>
							<div class='pre'>passed</div>
					</li>
					<li test-id='92' class='node then fail' status='fail'><b>Then</b>
						<span class="bdd-step-name">Then User close the discount popup</span>
							<div class='pre'><pre>org.openqa.selenium.ElementNotInteractableException: element not interactable
  (Session info: chrome=86.0.4240.75)
Build info: version: '3.141.59', revision: 'e82be7d358', time: '2018-11-14T08:17:03'
System info: host: 'AKNJC', ip: '192.168.0.108', os.name: 'Windows 10', os.arch: 'amd64', os.version: '10.0', java.version: '1.8.0_261'
Driver info: org.openqa.selenium.chrome.ChromeDriver
Capabilities {acceptInsecureCerts: false, browserName: chrome, browserVersion: 86.0.4240.75, chrome: {chromedriverVersion: 86.0.4240.22 (398b0743353ff..., userDataDir: C:\Users\Jay\AppData\Local\...}, goog:chromeOptions: {debuggerAddress: localhost:63679}, javascriptEnabled: true, networkConnectionEnabled: false, pageLoadStrategy: normal, platform: WINDOWS, platformName: WINDOWS, proxy: Proxy(), setWindowRect: true, strictFileInteractability: false, timeouts: {implicit: 0, pageLoad: 300000, script: 30000}, unhandledPromptBehavior: dismiss and notify, webauthn:virtualAuthenticators: true}
Session ID: bf32a0feec0468b1c8e1e9d2c4d8082f
	at sun.reflect.NativeConstructorAccessorImpl.newInstance0(Native Method)
	at sun.reflect.NativeConstructorAccessorImpl.newInstance(Unknown Source)
	at sun.reflect.DelegatingConstructorAccessorImpl.newInstance(Unknown Source)
	at java.lang.reflect.Constructor.newInstance(Unknown Source)
	at org.openqa.selenium.remote.http.W3CHttpResponseCodec.createException(W3CHttpResponseCodec.java:187)
	at org.openqa.selenium.remote.http.W3CHttpResponseCodec.decode(W3CHttpResponseCodec.java:122)
	at org.openqa.selenium.remote.http.W3CHttpResponseCodec.decode(W3CHttpResponseCodec.java:49)
	at org.openqa.selenium.remote.HttpCommandExecutor.execute(HttpCommandExecutor.java:158)
	at org.openqa.selenium.remote.service.DriverCommandExecutor.execute(DriverCommandExecutor.java:83)
	at org.openqa.selenium.remote.RemoteWebDriver.execute(RemoteWebDriver.java:552)
	at org.openqa.selenium.remote.RemoteWebElement.execute(RemoteWebElement.java:285)
	at org.openqa.selenium.remote.RemoteWebElement.sendKeys(RemoteWebElement.java:106)
	at stepDefinitions.HomeStepDefinition.user_close_the_discount_popup(HomeStepDefinition.java:72)
	at ✽.Then User close the discount popup(features/Login.feature:18)
</pre></div>
					</li>
					<li test-id='93' class='node and skip' status='skip'><b>And</b>
						<span class="bdd-step-name">And Click on Signin and verify the title</span>
							<div class='pre'>skipped</div>
					</li>
					<li test-id='94' class='node and skip' status='skip'><b>And</b>
						<span class="bdd-step-name">And Enter "northsee24@mailinator.com", "Testbesttest@20" and click on submit button</span>
							<div class='pre'>skipped</div>
					</li>
					<li test-id='95' class='node and skip' status='skip'><b>And</b>
						<span class="bdd-step-name">And Click on Account information and edit the information "North","See" and save information</span>
							<div class='pre'>skipped</div>
					</li>
					<li test-id='96' class='node and skip' status='skip'><b>And</b>
						<span class="bdd-step-name">And Click on Add and Fill the billing details of the user "North","See","3647 173rd Court Lansing","LakeView Garden","Illinois","Lansing","60438","9858" and Save</span>
							<div class='pre'>skipped</div>
					</li>
					<li test-id='97' class='node and skip' status='skip'><b>And</b>
						<span class="bdd-step-name">And Click on Add and Fill the shipping details of the user "North","See","3647 173rd Court Lansing","LakeView Garden","Illinois","Lansing","60438","9858" and Save</span>
							<div class='pre'>skipped</div>
					</li>
					<li test-id='98' class='node and skip' status='skip'><b>And</b>
						<span class="bdd-step-name">And browser is closed</span>
							<div class='pre'>skipped</div>
					</li>
				</ul>
		</li>
	</ul>
</div>
					</div>
				</li>
				
				
				<li class='test displayed active has-leaf fail' status='fail' bdd='true' test-id='99'>
					<div class='test-heading'>
						<span class='test-name'>Validate Login To Application and Search Product and Add to Cart and Place Order</span>
						<span class='test-time'>Oct 10, 2020 12:38:44 PM</span>
						<span class='test-status right fail'>fail</span>
					</div>
					<div class='test-content hide'>
<div class='scenariooutline node' test-id='100' status='fail'>
	<span class='duration right label'>0h 0m 27s+509ms</span>
	<div class='desc'>
		<b>ScenarioOutline</b>
		<span class="desc-text">Login with valid credentials</span>
	</div>
	<ul class='steps'>
		<li test-id='101' class='node scenario fail' status='fail'>
			
			<b>Scenario</b>
			
			<span class="bdd-step-name">Login with valid credentials</span>
			
				<ul class='steps'>
					<li test-id='102' class='node given pass' status='pass'><b>Given</b>
						<span class="bdd-step-name">Given User is on home page</span>
							<div class='pre'>passed</div>
					</li>
					<li test-id='103' class='node then fail' status='fail'><b>Then</b>
						<span class="bdd-step-name">Then User close the discount popup</span>
							<div class='pre'><pre>org.openqa.selenium.ElementNotInteractableException: element not interactable
  (Session info: chrome=86.0.4240.75)
Build info: version: '3.141.59', revision: 'e82be7d358', time: '2018-11-14T08:17:03'
System info: host: 'AKNJC', ip: '192.168.0.108', os.name: 'Windows 10', os.arch: 'amd64', os.version: '10.0', java.version: '1.8.0_261'
Driver info: org.openqa.selenium.chrome.ChromeDriver
Capabilities {acceptInsecureCerts: false, browserName: chrome, browserVersion: 86.0.4240.75, chrome: {chromedriverVersion: 86.0.4240.22 (398b0743353ff..., userDataDir: C:\Users\Jay\AppData\Local\...}, goog:chromeOptions: {debuggerAddress: localhost:63679}, javascriptEnabled: true, networkConnectionEnabled: false, pageLoadStrategy: normal, platform: WINDOWS, platformName: WINDOWS, proxy: Proxy(), setWindowRect: true, strictFileInteractability: false, timeouts: {implicit: 0, pageLoad: 300000, script: 30000}, unhandledPromptBehavior: dismiss and notify, webauthn:virtualAuthenticators: true}
Session ID: bf32a0feec0468b1c8e1e9d2c4d8082f
	at sun.reflect.NativeConstructorAccessorImpl.newInstance0(Native Method)
	at sun.reflect.NativeConstructorAccessorImpl.newInstance(Unknown Source)
	at sun.reflect.DelegatingConstructorAccessorImpl.newInstance(Unknown Source)
	at java.lang.reflect.Constructor.newInstance(Unknown Source)
	at org.openqa.selenium.remote.http.W3CHttpResponseCodec.createException(W3CHttpResponseCodec.java:187)
	at org.openqa.selenium.remote.http.W3CHttpResponseCodec.decode(W3CHttpResponseCodec.java:122)
	at org.openqa.selenium.remote.http.W3CHttpResponseCodec.decode(W3CHttpResponseCodec.java:49)
	at org.openqa.selenium.remote.HttpCommandExecutor.execute(HttpCommandExecutor.java:158)
	at org.openqa.selenium.remote.service.DriverCommandExecutor.execute(DriverCommandExecutor.java:83)
	at org.openqa.selenium.remote.RemoteWebDriver.execute(RemoteWebDriver.java:552)
	at org.openqa.selenium.remote.RemoteWebElement.execute(RemoteWebElement.java:285)
	at org.openqa.selenium.remote.RemoteWebElement.sendKeys(RemoteWebElement.java:106)
	at stepDefinitions.HomeStepDefinition.user_close_the_discount_popup(HomeStepDefinition.java:72)
	at ✽.Then User close the discount popup(features/MultipleSearchItems.feature:5)
</pre></div>
					</li>
					<li test-id='104' class='node and skip' status='skip'><b>And</b>
						<span class="bdd-step-name">And Click on Signin and verify the title</span>
							<div class='pre'>skipped</div>
					</li>
					<li test-id='105' class='node and skip' status='skip'><b>And</b>
						<span class="bdd-step-name">And Enter "northsee24@mailinator.com", "Testbesttest@20" and click on submit button</span>
							<div class='pre'>skipped</div>
					</li>
				</ul>
		</li>
	</ul>
</div>
<div class='scenariooutline node' test-id='106' status='pass'>
	<span class='duration right label'>0h 3m 46s+27ms</span>
	<div class='desc'>
		<b>ScenarioOutline</b>
		<span class="desc-text">Smoke test of the application from Search product to Add product</span>
	</div>
	<ul class='steps'>
		<li test-id='107' class='node scenario pass' status='pass'>
			
			<b>Scenario</b>
			
			<span class="bdd-step-name">Smoke test of the application from Search product to Add product</span>
			
				<ul class='steps'>
					<li test-id='108' class='node and pass' status='pass'><b>And</b>
						<span class="bdd-step-name">And search product "now" and click on search product</span>
							<div class='pre'>passed</div>
					</li>
					<li test-id='109' class='node and pass' status='pass'><b>And</b>
						<span class="bdd-step-name">And Click on Add to Cart</span>
							<div class='pre'>passed</div>
					</li>
				</ul>
		</li>
		<li test-id='110' class='node scenario pass' status='pass'>
			
			<b>Scenario</b>
			
			<span class="bdd-step-name">Smoke test of the application from Search product to Add product</span>
			
				<ul class='steps'>
					<li test-id='111' class='node and pass' status='pass'><b>And</b>
						<span class="bdd-step-name">And search product "arginine" and click on search product</span>
							<div class='pre'>passed</div>
					</li>
					<li test-id='112' class='node and pass' status='pass'><b>And</b>
						<span class="bdd-step-name">And Click on Add to Cart</span>
							<div class='pre'>passed</div>
					</li>
				</ul>
		</li>
		<li test-id='113' class='node scenario pass' status='pass'>
			
			<b>Scenario</b>
			
			<span class="bdd-step-name">Smoke test of the application from Search product to Add product</span>
			
				<ul class='steps'>
					<li test-id='114' class='node and pass' status='pass'><b>And</b>
						<span class="bdd-step-name">And search product "organic" and click on search product</span>
							<div class='pre'>passed</div>
					</li>
					<li test-id='115' class='node and pass' status='pass'><b>And</b>
						<span class="bdd-step-name">And Click on Add to Cart</span>
							<div class='pre'>passed</div>
					</li>
				</ul>
		</li>
		<li test-id='116' class='node scenario pass' status='pass'>
			
			<b>Scenario</b>
			
			<span class="bdd-step-name">Smoke test of the application from Search product to Add product</span>
			
				<ul class='steps'>
					<li test-id='117' class='node and pass' status='pass'><b>And</b>
						<span class="bdd-step-name">And search product "tea oil" and click on search product</span>
							<div class='pre'>passed</div>
					</li>
					<li test-id='118' class='node and pass' status='pass'><b>And</b>
						<span class="bdd-step-name">And Click on Add to Cart</span>
							<div class='pre'>passed</div>
					</li>
				</ul>
		</li>
		<li test-id='119' class='node scenario pass' status='pass'>
			
			<b>Scenario</b>
			
			<span class="bdd-step-name">Smoke test of the application from Search product to Add product</span>
			
				<ul class='steps'>
					<li test-id='120' class='node and pass' status='pass'><b>And</b>
						<span class="bdd-step-name">And search product "sulfate" and click on search product</span>
							<div class='pre'>passed</div>
					</li>
					<li test-id='121' class='node and pass' status='pass'><b>And</b>
						<span class="bdd-step-name">And Click on Add to Cart</span>
							<div class='pre'>passed</div>
					</li>
				</ul>
		</li>
		<li test-id='122' class='node scenario pass' status='pass'>
			
			<b>Scenario</b>
			
			<span class="bdd-step-name">Smoke test of the application from Search product to Add product</span>
			
				<ul class='steps'>
					<li test-id='123' class='node and pass' status='pass'><b>And</b>
						<span class="bdd-step-name">And search product "herbs" and click on search product</span>
							<div class='pre'>passed</div>
					</li>
					<li test-id='124' class='node and pass' status='pass'><b>And</b>
						<span class="bdd-step-name">And Click on Add to Cart</span>
							<div class='pre'>passed</div>
					</li>
				</ul>
		</li>
		<li test-id='125' class='node scenario pass' status='pass'>
			
			<b>Scenario</b>
			
			<span class="bdd-step-name">Smoke test of the application from Search product to Add product</span>
			
				<ul class='steps'>
					<li test-id='126' class='node and pass' status='pass'><b>And</b>
						<span class="bdd-step-name">And search product "kidney" and click on search product</span>
							<div class='pre'>passed</div>
					</li>
					<li test-id='127' class='node and pass' status='pass'><b>And</b>
						<span class="bdd-step-name">And Click on Add to Cart</span>
							<div class='pre'>passed</div>
					</li>
				</ul>
		</li>
		<li test-id='128' class='node scenario pass' status='pass'>
			
			<b>Scenario</b>
			
			<span class="bdd-step-name">Smoke test of the application from Search product to Add product</span>
			
				<ul class='steps'>
					<li test-id='129' class='node and pass' status='pass'><b>And</b>
						<span class="bdd-step-name">And search product "heart" and click on search product</span>
							<div class='pre'>passed</div>
					</li>
					<li test-id='130' class='node and pass' status='pass'><b>And</b>
						<span class="bdd-step-name">And Click on Add to Cart</span>
							<div class='pre'>passed</div>
					</li>
				</ul>
		</li>
		<li test-id='131' class='node scenario pass' status='pass'>
			
			<b>Scenario</b>
			
			<span class="bdd-step-name">Smoke test of the application from Search product to Add product</span>
			
				<ul class='steps'>
					<li test-id='132' class='node and pass' status='pass'><b>And</b>
						<span class="bdd-step-name">And search product "rosewater" and click on search product</span>
							<div class='pre'>passed</div>
					</li>
					<li test-id='133' class='node and pass' status='pass'><b>And</b>
						<span class="bdd-step-name">And Click on Add to Cart</span>
							<div class='pre'>passed</div>
					</li>
				</ul>
		</li>
		<li test-id='134' class='node scenario pass' status='pass'>
			
			<b>Scenario</b>
			
			<span class="bdd-step-name">Smoke test of the application from Search product to Add product</span>
			
				<ul class='steps'>
					<li test-id='135' class='node and pass' status='pass'><b>And</b>
						<span class="bdd-step-name">And search product "LYSINE" and click on search product</span>
							<div class='pre'>passed</div>
					</li>
					<li test-id='136' class='node and pass' status='pass'><b>And</b>
						<span class="bdd-step-name">And Click on Add to Cart</span>
							<div class='pre'>passed</div>
					</li>
				</ul>
		</li>
	</ul>
</div>
<div class='scenariooutline node' test-id='137' status='fail'>
	<span class='duration right label'>0h 1m 45s+889ms</span>
	<div class='desc'>
		<b>ScenarioOutline</b>
		<span class="desc-text">Smoke test of the application from Search product to Quick View  product to Place order</span>
	</div>
	<ul class='steps'>
		<li test-id='138' class='node scenario fail' status='fail'>
			
			<b>Scenario</b>
			
			<span class="bdd-step-name">Smoke test of the application from Search product to Quick View  product to Place order</span>
			
				<ul class='steps'>
					<li test-id='139' class='node and pass' status='pass'><b>And</b>
						<span class="bdd-step-name">And search product "Almond" and click on search product</span>
							<div class='pre'>passed</div>
					</li>
					<li test-id='140' class='node and pass' status='pass'><b>And</b>
						<span class="bdd-step-name">And Click on Quick view</span>
							<div class='pre'>passed</div>
					</li>
					<li test-id='141' class='node and pass' status='pass'><b>And</b>
						<span class="bdd-step-name">And Click on plus button and click on add to cart</span>
							<div class='pre'>passed</div>
					</li>
					<li test-id='142' class='node and pass' status='pass'><b>And</b>
						<span class="bdd-step-name">And Enter coupon code "SAVEME5" and click on apply coupn button</span>
							<div class='pre'>passed</div>
					</li>
					<li test-id='143' class='node and pass' status='pass'><b>And</b>
						<span class="bdd-step-name">And Click on Change address and enter new local address "United States (US)","New York","Lansing","60438"</span>
							<div class='pre'>passed</div>
					</li>
					<li test-id='144' class='node and pass' status='pass'><b>And</b>
						<span class="bdd-step-name">And click on Proceed to checkout button</span>
							<div class='pre'>passed</div>
					</li>
					<li test-id='145' class='node and pass' status='pass'><b>And</b>
						<span class="bdd-step-name">And Fill the billing details of the  user "George","Kon","3647 173rd Court Lansing","LakeView Garden","New York","Lansing","60438","9856","gorgekon"</span>
							<div class='pre'>passed</div>
					</li>
					<li test-id='146' class='node and pass' status='pass'><b>And</b>
						<span class="bdd-step-name">And User entering new password "<Password>"</span>
							<div class='pre'>passed</div>
					</li>
					<li test-id='147' class='node and pass' status='pass'><b>And</b>
						<span class="bdd-step-name">And Click on Shipping diffrent address checkbox</span>
							<div class='pre'>passed</div>
					</li>
					<li test-id='148' class='node and pass' status='pass'><b>And</b>
						<span class="bdd-step-name">And Fill the shipping details of the  user "George","Kon","3647 173rd Court Lansing","LakeView Garden","New York","Lansing","60438","9856","gorgekon"</span>
							<div class='pre'>passed</div>
					</li>
					<li test-id='149' class='node and fail' status='fail'><b>And</b>
						<span class="bdd-step-name">And User enter credit card details "4242424242424242","0325","123"</span>
							<div class='pre'><pre>org.openqa.selenium.NoSuchElementException: no such element: Unable to locate element: {"method":"xpath","selector":"//*[@id='stripe-card-element']/div/iframe"}
  (Session info: chrome=86.0.4240.75)
For documentation on this error, please visit: https://www.seleniumhq.org/exceptions/no_such_element.html
Build info: version: '3.141.59', revision: 'e82be7d358', time: '2018-11-14T08:17:03'
System info: host: 'AKNJC', ip: '192.168.0.108', os.name: 'Windows 10', os.arch: 'amd64', os.version: '10.0', java.version: '1.8.0_261'
Driver info: org.openqa.selenium.chrome.ChromeDriver
Capabilities {acceptInsecureCerts: false, browserName: chrome, browserVersion: 86.0.4240.75, chrome: {chromedriverVersion: 86.0.4240.22 (398b0743353ff..., userDataDir: C:\Users\Jay\AppData\Local\...}, goog:chromeOptions: {debuggerAddress: localhost:63679}, javascriptEnabled: true, networkConnectionEnabled: false, pageLoadStrategy: normal, platform: WINDOWS, platformName: WINDOWS, proxy: Proxy(), setWindowRect: true, strictFileInteractability: false, timeouts: {implicit: 0, pageLoad: 300000, script: 30000}, unhandledPromptBehavior: dismiss and notify, webauthn:virtualAuthenticators: true}
Session ID: bf32a0feec0468b1c8e1e9d2c4d8082f
*** Element info: {Using=xpath, value=//*[@id='stripe-card-element']/div/iframe}
	at sun.reflect.GeneratedConstructorAccessor27.newInstance(Unknown Source)
	at sun.reflect.DelegatingConstructorAccessorImpl.newInstance(Unknown Source)
	at java.lang.reflect.Constructor.newInstance(Unknown Source)
	at org.openqa.selenium.remote.http.W3CHttpResponseCodec.createException(W3CHttpResponseCodec.java:187)
	at org.openqa.selenium.remote.http.W3CHttpResponseCodec.decode(W3CHttpResponseCodec.java:122)
	at org.openqa.selenium.remote.http.W3CHttpResponseCodec.decode(W3CHttpResponseCodec.java:49)
	at org.openqa.selenium.remote.HttpCommandExecutor.execute(HttpCommandExecutor.java:158)
	at org.openqa.selenium.remote.service.DriverCommandExecutor.execute(DriverCommandExecutor.java:83)
	at org.openqa.selenium.remote.RemoteWebDriver.execute(RemoteWebDriver.java:552)
	at org.openqa.selenium.remote.RemoteWebDriver.findElement(RemoteWebDriver.java:323)
	at org.openqa.selenium.remote.RemoteWebDriver.findElementByXPath(RemoteWebDriver.java:428)
	at org.openqa.selenium.By$ByXPath.findElement(By.java:353)
	at org.openqa.selenium.remote.RemoteWebDriver.findElement(RemoteWebDriver.java:315)
	at pageObjects.BillingPage.enterCardnumber(BillingPage.java:237)
	at stepDefinitions.HomeStepDefinition.user_enter_credit_card_details(HomeStepDefinition.java:171)
	at ✽.And User enter credit card details "4242424242424242","0325","123"(features/MultipleSearchItems.feature:41)
</pre></div>
					</li>
					<li test-id='150' class='node and skip' status='skip'><b>And</b>
						<span class="bdd-step-name">And User click on website terms and conditions</span>
							<div class='pre'>skipped</div>
					</li>
					<li test-id='151' class='node and skip' status='skip'><b>And</b>
						<span class="bdd-step-name">And Click on Place order button</span>
							<div class='pre'>skipped</div>
					</li>
					<li test-id='152' class='node and skip' status='skip'><b>And</b>
						<span class="bdd-step-name">And Verify the Total amount</span>
							<div class='pre'>skipped</div>
					</li>
				</ul>
		</li>
	</ul>
</div>
					</div>
				</li>
				
				
				<li class='test displayed active has-leaf fail' status='fail' bdd='true' test-id='153'>
					<div class='test-heading'>
						<span class='test-name'>Validate Search Product and Add to Cart and Place Order</span>
						<span class='test-time'>Oct 10, 2020 12:44:43 PM</span>
						<span class='test-status right fail'>fail</span>
					</div>
					<div class='test-content hide'>
<div class='scenariooutline node' test-id='154' status='fail'>
	<span class='duration right label'>0h 0m 28s+827ms</span>
	<div class='desc'>
		<b>ScenarioOutline</b>
		<span class="desc-text">Smoke test of the application from Search product to Add product to Place order</span>
	</div>
	<ul class='steps'>
		<li test-id='155' class='node scenario fail' status='fail'>
			
			<b>Scenario</b>
			
			<span class="bdd-step-name">Smoke test of the application from Search product to Add product to Place order</span>
			
				<ul class='steps'>
					<li test-id='156' class='node given pass' status='pass'><b>Given</b>
						<span class="bdd-step-name">Given User is on home page</span>
							<div class='pre'>passed</div>
					</li>
					<li test-id='157' class='node then fail' status='fail'><b>Then</b>
						<span class="bdd-step-name">Then User close the discount popup</span>
							<div class='pre'><pre>org.openqa.selenium.ElementNotInteractableException: element not interactable
  (Session info: chrome=86.0.4240.75)
Build info: version: '3.141.59', revision: 'e82be7d358', time: '2018-11-14T08:17:03'
System info: host: 'AKNJC', ip: '192.168.0.108', os.name: 'Windows 10', os.arch: 'amd64', os.version: '10.0', java.version: '1.8.0_261'
Driver info: org.openqa.selenium.chrome.ChromeDriver
Capabilities {acceptInsecureCerts: false, browserName: chrome, browserVersion: 86.0.4240.75, chrome: {chromedriverVersion: 86.0.4240.22 (398b0743353ff..., userDataDir: C:\Users\Jay\AppData\Local\...}, goog:chromeOptions: {debuggerAddress: localhost:63679}, javascriptEnabled: true, networkConnectionEnabled: false, pageLoadStrategy: normal, platform: WINDOWS, platformName: WINDOWS, proxy: Proxy(), setWindowRect: true, strictFileInteractability: false, timeouts: {implicit: 0, pageLoad: 300000, script: 30000}, unhandledPromptBehavior: dismiss and notify, webauthn:virtualAuthenticators: true}
Session ID: bf32a0feec0468b1c8e1e9d2c4d8082f
	at sun.reflect.NativeConstructorAccessorImpl.newInstance0(Native Method)
	at sun.reflect.NativeConstructorAccessorImpl.newInstance(Unknown Source)
	at sun.reflect.DelegatingConstructorAccessorImpl.newInstance(Unknown Source)
	at java.lang.reflect.Constructor.newInstance(Unknown Source)
	at org.openqa.selenium.remote.http.W3CHttpResponseCodec.createException(W3CHttpResponseCodec.java:187)
	at org.openqa.selenium.remote.http.W3CHttpResponseCodec.decode(W3CHttpResponseCodec.java:122)
	at org.openqa.selenium.remote.http.W3CHttpResponseCodec.decode(W3CHttpResponseCodec.java:49)
	at org.openqa.selenium.remote.HttpCommandExecutor.execute(HttpCommandExecutor.java:158)
	at org.openqa.selenium.remote.service.DriverCommandExecutor.execute(DriverCommandExecutor.java:83)
	at org.openqa.selenium.remote.RemoteWebDriver.execute(RemoteWebDriver.java:552)
	at org.openqa.selenium.remote.RemoteWebElement.execute(RemoteWebElement.java:285)
	at org.openqa.selenium.remote.RemoteWebElement.sendKeys(RemoteWebElement.java:106)
	at stepDefinitions.HomeStepDefinition.user_close_the_discount_popup(HomeStepDefinition.java:72)
	at ✽.Then User close the discount popup(features/SearchAddToCart.feature:5)
</pre></div>
					</li>
					<li test-id='158' class='node and skip' status='skip'><b>And</b>
						<span class="bdd-step-name">And search product "Almond" and click on search product</span>
							<div class='pre'>skipped</div>
					</li>
					<li test-id='159' class='node and skip' status='skip'><b>And</b>
						<span class="bdd-step-name">And Click on Quick view</span>
							<div class='pre'>skipped</div>
					</li>
					<li test-id='160' class='node and skip' status='skip'><b>And</b>
						<span class="bdd-step-name">And Click on plus button and click on add to cart</span>
							<div class='pre'>skipped</div>
					</li>
					<li test-id='161' class='node and skip' status='skip'><b>And</b>
						<span class="bdd-step-name">And Enter coupon code "SAVEME5" and click on apply coupn button</span>
							<div class='pre'>skipped</div>
					</li>
					<li test-id='162' class='node and skip' status='skip'><b>And</b>
						<span class="bdd-step-name">And Click on Change address and enter new local address "United States (US)","New York","Lansing","60438"</span>
							<div class='pre'>skipped</div>
					</li>
					<li test-id='163' class='node and skip' status='skip'><b>And</b>
						<span class="bdd-step-name">And click on Proceed to checkout button</span>
							<div class='pre'>skipped</div>
					</li>
					<li test-id='164' class='node and skip' status='skip'><b>And</b>
						<span class="bdd-step-name">And Fill the billing details of the  user "Hoss","Tom","3647 173rd Court Lansing","LakeView Garden","New York","Lansing","60438","9856","hosstom"</span>
							<div class='pre'>skipped</div>
					</li>
					<li test-id='165' class='node and skip' status='skip'><b>And</b>
						<span class="bdd-step-name">And User entering new password "<Password>"</span>
							<div class='pre'>skipped</div>
					</li>
					<li test-id='166' class='node and skip' status='skip'><b>And</b>
						<span class="bdd-step-name">And Click on Shipping diffrent address checkbox</span>
							<div class='pre'>skipped</div>
					</li>
					<li test-id='167' class='node and skip' status='skip'><b>And</b>
						<span class="bdd-step-name">And Fill the shipping details of the  user "Hoss","Tom","3647 173rd Court Lansing","LakeView Garden","New York","Lansing","60438","9856","hosstom"</span>
							<div class='pre'>skipped</div>
					</li>
					<li test-id='168' class='node and skip' status='skip'><b>And</b>
						<span class="bdd-step-name">And User enter credit card details "4242424242424242","0325","123"</span>
							<div class='pre'>skipped</div>
					</li>
					<li test-id='169' class='node and skip' status='skip'><b>And</b>
						<span class="bdd-step-name">And User click on website terms and conditions</span>
							<div class='pre'>skipped</div>
					</li>
					<li test-id='170' class='node and skip' status='skip'><b>And</b>
						<span class="bdd-step-name">And Click on Place order button</span>
							<div class='pre'>skipped</div>
					</li>
					<li test-id='171' class='node and skip' status='skip'><b>And</b>
						<span class="bdd-step-name">And Verify the Total amount</span>
							<div class='pre'>skipped</div>
					</li>
					<li test-id='172' class='node and skip' status='skip'><b>And</b>
						<span class="bdd-step-name">And browser is closed</span>
							<div class='pre'>skipped</div>
					</li>
				</ul>
		</li>
	</ul>
</div>
					</div>
				</li>
				
				
				<li class='test displayed active has-leaf fail' status='fail' bdd='true' test-id='173'>
					<div class='test-heading'>
						<span class='test-name'>Validate Sign-In and Reset/Forgot Password Functioanlity</span>
						<span class='test-time'>Oct 10, 2020 12:45:12 PM</span>
						<span class='test-status right fail'>fail</span>
					</div>
					<div class='test-content hide'>
<div class='scenariooutline node' test-id='174' status='fail'>
	<span class='duration right label'>0h 0m 28s+759ms</span>
	<div class='desc'>
		<b>ScenarioOutline</b>
		<span class="desc-text">Smoke test of the application Signin Forgot your password link functional test</span>
	</div>
	<ul class='steps'>
		<li test-id='175' class='node scenario fail' status='fail'>
			
			<b>Scenario</b>
			
			<span class="bdd-step-name">Smoke test of the application Signin Forgot your password link functional test</span>
			
				<ul class='steps'>
					<li test-id='176' class='node given pass' status='pass'><b>Given</b>
						<span class="bdd-step-name">Given User is on home page</span>
							<div class='pre'>passed</div>
					</li>
					<li test-id='177' class='node then fail' status='fail'><b>Then</b>
						<span class="bdd-step-name">Then User close the discount popup</span>
							<div class='pre'><pre>org.openqa.selenium.ElementNotInteractableException: element not interactable
  (Session info: chrome=86.0.4240.75)
Build info: version: '3.141.59', revision: 'e82be7d358', time: '2018-11-14T08:17:03'
System info: host: 'AKNJC', ip: '192.168.0.108', os.name: 'Windows 10', os.arch: 'amd64', os.version: '10.0', java.version: '1.8.0_261'
Driver info: org.openqa.selenium.chrome.ChromeDriver
Capabilities {acceptInsecureCerts: false, browserName: chrome, browserVersion: 86.0.4240.75, chrome: {chromedriverVersion: 86.0.4240.22 (398b0743353ff..., userDataDir: C:\Users\Jay\AppData\Local\...}, goog:chromeOptions: {debuggerAddress: localhost:63679}, javascriptEnabled: true, networkConnectionEnabled: false, pageLoadStrategy: normal, platform: WINDOWS, platformName: WINDOWS, proxy: Proxy(), setWindowRect: true, strictFileInteractability: false, timeouts: {implicit: 0, pageLoad: 300000, script: 30000}, unhandledPromptBehavior: dismiss and notify, webauthn:virtualAuthenticators: true}
Session ID: bf32a0feec0468b1c8e1e9d2c4d8082f
	at sun.reflect.NativeConstructorAccessorImpl.newInstance0(Native Method)
	at sun.reflect.NativeConstructorAccessorImpl.newInstance(Unknown Source)
	at sun.reflect.DelegatingConstructorAccessorImpl.newInstance(Unknown Source)
	at java.lang.reflect.Constructor.newInstance(Unknown Source)
	at org.openqa.selenium.remote.http.W3CHttpResponseCodec.createException(W3CHttpResponseCodec.java:187)
	at org.openqa.selenium.remote.http.W3CHttpResponseCodec.decode(W3CHttpResponseCodec.java:122)
	at org.openqa.selenium.remote.http.W3CHttpResponseCodec.decode(W3CHttpResponseCodec.java:49)
	at org.openqa.selenium.remote.HttpCommandExecutor.execute(HttpCommandExecutor.java:158)
	at org.openqa.selenium.remote.service.DriverCommandExecutor.execute(DriverCommandExecutor.java:83)
	at org.openqa.selenium.remote.RemoteWebDriver.execute(RemoteWebDriver.java:552)
	at org.openqa.selenium.remote.RemoteWebElement.execute(RemoteWebElement.java:285)
	at org.openqa.selenium.remote.RemoteWebElement.sendKeys(RemoteWebElement.java:106)
	at stepDefinitions.HomeStepDefinition.user_close_the_discount_popup(HomeStepDefinition.java:72)
	at ✽.Then User close the discount popup(features/SignIn.feature:5)
</pre></div>
					</li>
					<li test-id='178' class='node and skip' status='skip'><b>And</b>
						<span class="bdd-step-name">And Click on Signin and verify the title</span>
							<div class='pre'>skipped</div>
					</li>
					<li test-id='179' class='node and skip' status='skip'><b>And</b>
						<span class="bdd-step-name">And Click on Forgot your password link</span>
							<div class='pre'>skipped</div>
					</li>
					<li test-id='180' class='node and skip' status='skip'><b>And</b>
						<span class="bdd-step-name">And Enter Email address "northsee24@mailinator.com" and click on submit button</span>
							<div class='pre'>skipped</div>
					</li>
					<li test-id='181' class='node and skip' status='skip'><b>And</b>
						<span class="bdd-step-name">And Click on Return to log in link</span>
							<div class='pre'>skipped</div>
					</li>
					<li test-id='182' class='node and skip' status='skip'><b>And</b>
						<span class="bdd-step-name">And Click on Forgot your password link</span>
							<div class='pre'>skipped</div>
					</li>
					<li test-id='183' class='node and skip' status='skip'><b>And</b>
						<span class="bdd-step-name">And Enter Email address "northsee24@mailinator.com" and click on submit button</span>
							<div class='pre'>skipped</div>
					</li>
					<li test-id='184' class='node and skip' status='skip'><b>And</b>
						<span class="bdd-step-name">And Click on Resend recovery link</span>
							<div class='pre'>skipped</div>
					</li>
					<li test-id='185' class='node and skip' status='skip'><b>And</b>
						<span class="bdd-step-name">And Open email and enter email address "northsee24@mailinator.com"</span>
							<div class='pre'>skipped</div>
					</li>
					<li test-id='186' class='node and skip' status='skip'><b>And</b>
						<span class="bdd-step-name">And Enter the "Testbesttest@20" and the "Testbesttest@20" and click on submit button</span>
							<div class='pre'>skipped</div>
					</li>
					<li test-id='187' class='node and skip' status='skip'><b>And</b>
						<span class="bdd-step-name">And Enter "northsee24@mailinator.com", "Testbesttest@20" and click on submit button</span>
							<div class='pre'>skipped</div>
					</li>
					<li test-id='188' class='node and skip' status='skip'><b>And</b>
						<span class="bdd-step-name">And user should be logged in</span>
							<div class='pre'>skipped</div>
					</li>
					<li test-id='189' class='node and skip' status='skip'><b>And</b>
						<span class="bdd-step-name">And browser is closed</span>
							<div class='pre'>skipped</div>
					</li>
				</ul>
		</li>
	</ul>
</div>
					</div>
				</li>
				
				
				<li class='test displayed active has-leaf fail' status='fail' bdd='true' test-id='190'>
					<div class='test-heading'>
						<span class='test-name'>Validate the sign-up functionality</span>
						<span class='test-time'>Oct 10, 2020 12:45:41 PM</span>
						<span class='test-status right fail'>fail</span>
					</div>
					<div class='test-content hide'>
<div class='scenariooutline node' test-id='191' status='fail'>
	<span class='duration right label'>0h 0m 28s+683ms</span>
	<div class='desc'>
		<b>ScenarioOutline</b>
		<span class="desc-text">Smoke test of the application Sign-Up functional test</span>
	</div>
	<ul class='steps'>
		<li test-id='192' class='node scenario fail' status='fail'>
			
			<b>Scenario</b>
			
			<span class="bdd-step-name">Smoke test of the application Sign-Up functional test</span>
			
				<ul class='steps'>
					<li test-id='193' class='node given pass' status='pass'><b>Given</b>
						<span class="bdd-step-name">Given User is on home page</span>
							<div class='pre'>passed</div>
					</li>
					<li test-id='194' class='node then fail' status='fail'><b>Then</b>
						<span class="bdd-step-name">Then User close the discount popup</span>
							<div class='pre'><pre>org.openqa.selenium.ElementNotInteractableException: element not interactable
  (Session info: chrome=86.0.4240.75)
Build info: version: '3.141.59', revision: 'e82be7d358', time: '2018-11-14T08:17:03'
System info: host: 'AKNJC', ip: '192.168.0.108', os.name: 'Windows 10', os.arch: 'amd64', os.version: '10.0', java.version: '1.8.0_261'
Driver info: org.openqa.selenium.chrome.ChromeDriver
Capabilities {acceptInsecureCerts: false, browserName: chrome, browserVersion: 86.0.4240.75, chrome: {chromedriverVersion: 86.0.4240.22 (398b0743353ff..., userDataDir: C:\Users\Jay\AppData\Local\...}, goog:chromeOptions: {debuggerAddress: localhost:63679}, javascriptEnabled: true, networkConnectionEnabled: false, pageLoadStrategy: normal, platform: WINDOWS, platformName: WINDOWS, proxy: Proxy(), setWindowRect: true, strictFileInteractability: false, timeouts: {implicit: 0, pageLoad: 300000, script: 30000}, unhandledPromptBehavior: dismiss and notify, webauthn:virtualAuthenticators: true}
Session ID: bf32a0feec0468b1c8e1e9d2c4d8082f
	at sun.reflect.NativeConstructorAccessorImpl.newInstance0(Native Method)
	at sun.reflect.NativeConstructorAccessorImpl.newInstance(Unknown Source)
	at sun.reflect.DelegatingConstructorAccessorImpl.newInstance(Unknown Source)
	at java.lang.reflect.Constructor.newInstance(Unknown Source)
	at org.openqa.selenium.remote.http.W3CHttpResponseCodec.createException(W3CHttpResponseCodec.java:187)
	at org.openqa.selenium.remote.http.W3CHttpResponseCodec.decode(W3CHttpResponseCodec.java:122)
	at org.openqa.selenium.remote.http.W3CHttpResponseCodec.decode(W3CHttpResponseCodec.java:49)
	at org.openqa.selenium.remote.HttpCommandExecutor.execute(HttpCommandExecutor.java:158)
	at org.openqa.selenium.remote.service.DriverCommandExecutor.execute(DriverCommandExecutor.java:83)
	at org.openqa.selenium.remote.RemoteWebDriver.execute(RemoteWebDriver.java:552)
	at org.openqa.selenium.remote.RemoteWebElement.execute(RemoteWebElement.java:285)
	at org.openqa.selenium.remote.RemoteWebElement.sendKeys(RemoteWebElement.java:106)
	at stepDefinitions.HomeStepDefinition.user_close_the_discount_popup(HomeStepDefinition.java:72)
	at ✽.Then User close the discount popup(features/Signup.feature:5)
</pre></div>
					</li>
					<li test-id='195' class='node and skip' status='skip'><b>And</b>
						<span class="bdd-step-name">And Click on Signin and verify the title</span>
							<div class='pre'>skipped</div>
					</li>
					<li test-id='196' class='node and skip' status='skip'><b>And</b>
						<span class="bdd-step-name">And User Click on Signup button</span>
							<div class='pre'>skipped</div>
					</li>
					<li test-id='197' class='node and skip' status='skip'><b>And</b>
						<span class="bdd-step-name">And User enters Create an Account details "Nirmal_Patel", "9924","nirmal.patel","Testbesttest@20","Testbesttest@20"</span>
							<div class='pre'>skipped</div>
					</li>
					<li test-id='198' class='node and skip' status='skip'><b>And</b>
						<span class="bdd-step-name">And User click on receive exclusive Marketing Offers by email checkbox</span>
							<div class='pre'>skipped</div>
					</li>
					<li test-id='199' class='node and skip' status='skip'><b>And</b>
						<span class="bdd-step-name">And User click on agree to Terms of Use checkbox</span>
							<div class='pre'>skipped</div>
					</li>
					<li test-id='200' class='node and skip' status='skip'><b>And</b>
						<span class="bdd-step-name">And User click on Create Account button and Verify the message</span>
							<div class='pre'>skipped</div>
					</li>
					<li test-id='201' class='node and skip' status='skip'><b>And</b>
						<span class="bdd-step-name">And User Verify the email from mail link and login into application "nirmal.patel","Testbesttest@20"</span>
							<div class='pre'>skipped</div>
					</li>
					<li test-id='202' class='node and skip' status='skip'><b>And</b>
						<span class="bdd-step-name">And browser is closed</span>
							<div class='pre'>skipped</div>
					</li>
				</ul>
		</li>
	</ul>
</div>
					</div>
				</li>
				
				
				<li class='test displayed active has-leaf fail' status='fail' bdd='true' test-id='203'>
					<div class='test-heading'>
						<span class='test-name'>Validate Login To Application and Add to product to wishlist</span>
						<span class='test-time'>Oct 10, 2020 12:46:09 PM</span>
						<span class='test-status right fail'>fail</span>
					</div>
					<div class='test-content hide'>
<div class='scenariooutline node' test-id='204' status='fail'>
	<span class='duration right label'>0h 0m 28s+699ms</span>
	<div class='desc'>
		<b>ScenarioOutline</b>
		<span class="desc-text">Login to Application and Add product to wishlist</span>
	</div>
	<ul class='steps'>
		<li test-id='205' class='node scenario fail' status='fail'>
			
			<b>Scenario</b>
			
			<span class="bdd-step-name">Login to Application and Add product to wishlist</span>
			
				<ul class='steps'>
					<li test-id='206' class='node given pass' status='pass'><b>Given</b>
						<span class="bdd-step-name">Given User is on home page</span>
							<div class='pre'>passed</div>
					</li>
					<li test-id='207' class='node then fail' status='fail'><b>Then</b>
						<span class="bdd-step-name">Then User close the discount popup</span>
							<div class='pre'><pre>org.openqa.selenium.ElementNotInteractableException: element not interactable
  (Session info: chrome=86.0.4240.75)
Build info: version: '3.141.59', revision: 'e82be7d358', time: '2018-11-14T08:17:03'
System info: host: 'AKNJC', ip: '192.168.0.108', os.name: 'Windows 10', os.arch: 'amd64', os.version: '10.0', java.version: '1.8.0_261'
Driver info: org.openqa.selenium.chrome.ChromeDriver
Capabilities {acceptInsecureCerts: false, browserName: chrome, browserVersion: 86.0.4240.75, chrome: {chromedriverVersion: 86.0.4240.22 (398b0743353ff..., userDataDir: C:\Users\Jay\AppData\Local\...}, goog:chromeOptions: {debuggerAddress: localhost:63679}, javascriptEnabled: true, networkConnectionEnabled: false, pageLoadStrategy: normal, platform: WINDOWS, platformName: WINDOWS, proxy: Proxy(), setWindowRect: true, strictFileInteractability: false, timeouts: {implicit: 0, pageLoad: 300000, script: 30000}, unhandledPromptBehavior: dismiss and notify, webauthn:virtualAuthenticators: true}
Session ID: bf32a0feec0468b1c8e1e9d2c4d8082f
	at sun.reflect.NativeConstructorAccessorImpl.newInstance0(Native Method)
	at sun.reflect.NativeConstructorAccessorImpl.newInstance(Unknown Source)
	at sun.reflect.DelegatingConstructorAccessorImpl.newInstance(Unknown Source)
	at java.lang.reflect.Constructor.newInstance(Unknown Source)
	at org.openqa.selenium.remote.http.W3CHttpResponseCodec.createException(W3CHttpResponseCodec.java:187)
	at org.openqa.selenium.remote.http.W3CHttpResponseCodec.decode(W3CHttpResponseCodec.java:122)
	at org.openqa.selenium.remote.http.W3CHttpResponseCodec.decode(W3CHttpResponseCodec.java:49)
	at org.openqa.selenium.remote.HttpCommandExecutor.execute(HttpCommandExecutor.java:158)
	at org.openqa.selenium.remote.service.DriverCommandExecutor.execute(DriverCommandExecutor.java:83)
	at org.openqa.selenium.remote.RemoteWebDriver.execute(RemoteWebDriver.java:552)
	at org.openqa.selenium.remote.RemoteWebElement.execute(RemoteWebElement.java:285)
	at org.openqa.selenium.remote.RemoteWebElement.sendKeys(RemoteWebElement.java:106)
	at stepDefinitions.HomeStepDefinition.user_close_the_discount_popup(HomeStepDefinition.java:72)
	at ✽.Then User close the discount popup(features/WishList.feature:5)
</pre></div>
					</li>
					<li test-id='208' class='node and skip' status='skip'><b>And</b>
						<span class="bdd-step-name">And Click on Signin and verify the title</span>
							<div class='pre'>skipped</div>
					</li>
					<li test-id='209' class='node and skip' status='skip'><b>And</b>
						<span class="bdd-step-name">And Enter "northsee24@mailinator.com", "Testbesttest@20" and click on submit button</span>
							<div class='pre'>skipped</div>
					</li>
					<li test-id='210' class='node and skip' status='skip'><b>And</b>
						<span class="bdd-step-name">And Click on wishlist</span>
							<div class='pre'>skipped</div>
					</li>
					<li test-id='211' class='node and skip' status='skip'><b>And</b>
						<span class="bdd-step-name">And Click on product and add more quantity "4"</span>
							<div class='pre'>skipped</div>
					</li>
					<li test-id='212' class='node and skip' status='skip'><b>And</b>
						<span class="bdd-step-name">And Click on heart icon</span>
							<div class='pre'>skipped</div>
					</li>
					<li test-id='213' class='node and skip' status='skip'><b>And</b>
						<span class="bdd-step-name">And Click on Browse wishlist</span>
							<div class='pre'>skipped</div>
					</li>
					<li test-id='214' class='node and skip' status='skip'><b>And</b>
						<span class="bdd-step-name">And Click on Add to cart</span>
							<div class='pre'>skipped</div>
					</li>
					<li test-id='215' class='node and skip' status='skip'><b>And</b>
						<span class="bdd-step-name">And Enter coupon code "SAVEME5" and click on apply coupn button</span>
							<div class='pre'>skipped</div>
					</li>
					<li test-id='216' class='node and skip' status='skip'><b>And</b>
						<span class="bdd-step-name">And Click on Change address and enter new local address "<Country>","Illinois","Lansing","10001"</span>
							<div class='pre'>skipped</div>
					</li>
					<li test-id='217' class='node and skip' status='skip'><b>And</b>
						<span class="bdd-step-name">And click on Proceed to checkout button</span>
							<div class='pre'>skipped</div>
					</li>
					<li test-id='218' class='node and skip' status='skip'><b>And</b>
						<span class="bdd-step-name">And Fill the billing details of the  user "Vinod","Shah","3647 173rd Court Lansing","LakeView Garden","Illinois","Lansing","10001","9856","vinodshah"</span>
							<div class='pre'>skipped</div>
					</li>
					<li test-id='219' class='node and skip' status='skip'><b>And</b>
						<span class="bdd-step-name">And User entering new password "<Password>"</span>
							<div class='pre'>skipped</div>
					</li>
					<li test-id='220' class='node and skip' status='skip'><b>And</b>
						<span class="bdd-step-name">And Click on Shipping diffrent address checkbox</span>
							<div class='pre'>skipped</div>
					</li>
					<li test-id='221' class='node and skip' status='skip'><b>And</b>
						<span class="bdd-step-name">And Fill the shipping details of the  user "Vinod","Shah","3647 173rd Court Lansing","LakeView Garden","Illinois","Lansing","10001","9856","vinodshah"</span>
							<div class='pre'>skipped</div>
					</li>
					<li test-id='222' class='node and skip' status='skip'><b>And</b>
						<span class="bdd-step-name">And User enter credit card details "4242424242424242","0325","123"</span>
							<div class='pre'>skipped</div>
					</li>
					<li test-id='223' class='node and skip' status='skip'><b>And</b>
						<span class="bdd-step-name">And User click on website terms and conditions</span>
							<div class='pre'>skipped</div>
					</li>
					<li test-id='224' class='node and skip' status='skip'><b>And</b>
						<span class="bdd-step-name">And Click on Place order button</span>
							<div class='pre'>skipped</div>
					</li>
					<li test-id='225' class='node and skip' status='skip'><b>And</b>
						<span class="bdd-step-name">And Verify the Total amount</span>
							<div class='pre'>skipped</div>
					</li>
					<li test-id='226' class='node and skip' status='skip'><b>And</b>
						<span class="bdd-step-name">And browser is closed</span>
							<div class='pre'>skipped</div>
					</li>
				</ul>
		</li>
	</ul>
</div>
					</div>
				</li>
			</ul>
		</div>
	</div>
	<!-- subview left -->

	<div class='subview-right left'>
		<div class='view-summary'>
			<h5 class='test-name'></h5>

			<div id='step-filters' class="right">
				<span class="blue-text" status="info" alt="info" title="info"><i class="material-icons">info_outline</i></span>
				<span class="green-text" status="pass" alt="pass" title="pass"><i class="material-icons">check_circle</i></span>
				<span class="red-text" status="fail" alt="fail" title="fail"><i class="material-icons">cancel</i></span>
				<span class="red-text text-darken-4" status="fatal" alt="fatal" title="fatal"><i class="material-icons">cancel</i></span>
				<span class="pink-text text-lighten-1" status="error" alt="error" title="error"><i class="material-icons">error</i></span>
				<span class="orange-text" alt="warning" status="warning" title="warning"><i class="material-icons">warning</i></span>
				<span class="teal-text" status="skip" alt="skip" title="skip"><i class="material-icons">redo</i></span>
				<span status="clear" alt="Clear filters" title="Clear filters"><i class="material-icons">clear</i></span>
			</div>
		</div>
	</div>
	<!-- subview right -->

</div>
<!-- test view -->
<!-- category view -->
<div id='exception-view' class='view hide'>

    <section id='controls'>
        <div class='controls grey lighten-4'>
            <!-- search -->
            <div class='chip transparent' alt='Search Tests' title='Search Tests'>
                <a href="#" class='search-div'>
                    <i class='material-icons'>search</i> Search
                </a>

                <div class='input-field left hide'>
                    <input id='search-tests' type='text' class='validate browser-default' placeholder='Search Tests...'>
                </div>

            </div>
            <!-- search -->
        </div>
    </section>

    <div class='subview-left left'>

        <div class='view-summary'>
            <h5>Exceptions</h3>
                <ul id='exception-collection' class='exception-collection'>

                        <li class='exception displayed active'>
                            <div class='exception-heading'>
                                <span class='exception-name'>org.openqa.selenium.ElementClickInterceptedException</span>
                                <span class='exception-count right'><span class='label red lighten-1 white-text'>1</span></span>
                            </div>
                            <div class='exception-content hide'>
                                <div class='exception-tests'>
                                    <table class='bordered table-results'>
                                        <thead>
                                        <tr>
                                            <th>Timestamp</th>
                                            <th>TestName</th>
                                            <th>Status</th>
                                        </tr>
                                        </thead>
                                        <tbody>
                                                    <tr>
                                                        <td>Oct 10, 2020 12:36:39 PM</td>
                                                        <td class='linked' test-id='5'>Validate the Home Page Functional and Broken links check.Smoke test of the application Homepage functional test.Smoke test of the application Homepage functional test.Then User close the discount popup</td>
                                                        <td><pre><pre>org.openqa.selenium.ElementClickInterceptedException: element click intercepted: Element is not clickable at point (506, 2799)
  (Session info: chrome=86.0.4240.75)
Build info: version: '3.141.59', revision: 'e82be7d358', time: '2018-11-14T08:17:03'
System info: host: 'AKNJC', ip: '192.168.0.108', os.name: 'Windows 10', os.arch: 'amd64', os.version: '10.0', java.version: '1.8.0_261'
Driver info: org.openqa.selenium.chrome.ChromeDriver
Capabilities {acceptInsecureCerts: false, browserName: chrome, browserVersion: 86.0.4240.75, chrome: {chromedriverVersion: 86.0.4240.22 (398b0743353ff..., userDataDir: C:\Users\Jay\AppData\Local\...}, goog:chromeOptions: {debuggerAddress: localhost:63679}, javascriptEnabled: true, networkConnectionEnabled: false, pageLoadStrategy: normal, platform: WINDOWS, platformName: WINDOWS, proxy: Proxy(), setWindowRect: true, strictFileInteractability: false, timeouts: {implicit: 0, pageLoad: 300000, script: 30000}, unhandledPromptBehavior: dismiss and notify, webauthn:virtualAuthenticators: true}
Session ID: bf32a0feec0468b1c8e1e9d2c4d8082f
	at sun.reflect.NativeConstructorAccessorImpl.newInstance0(Native Method)
	at sun.reflect.NativeConstructorAccessorImpl.newInstance(Unknown Source)
	at sun.reflect.DelegatingConstructorAccessorImpl.newInstance(Unknown Source)
	at java.lang.reflect.Constructor.newInstance(Unknown Source)
	at org.openqa.selenium.remote.http.W3CHttpResponseCodec.createException(W3CHttpResponseCodec.java:187)
	at org.openqa.selenium.remote.http.W3CHttpResponseCodec.decode(W3CHttpResponseCodec.java:122)
	at org.openqa.selenium.remote.http.W3CHttpResponseCodec.decode(W3CHttpResponseCodec.java:49)
	at org.openqa.selenium.remote.HttpCommandExecutor.execute(HttpCommandExecutor.java:158)
	at org.openqa.selenium.remote.service.DriverCommandExecutor.execute(DriverCommandExecutor.java:83)
	at org.openqa.selenium.remote.RemoteWebDriver.execute(RemoteWebDriver.java:552)
	at org.openqa.selenium.remote.RemoteWebElement.execute(RemoteWebElement.java:285)
	at org.openqa.selenium.remote.RemoteWebElement.click(RemoteWebElement.java:84)
	at stepDefinitions.HomeStepDefinition.user_close_the_discount_popup(HomeStepDefinition.java:73)
	at ✽.Then User close the discount popup(features/Home.feature:5)
</pre></pre></td>
                                                    </tr>
                                        </tbody>
                                    </table>
                                </div>
                            </div>
                        </li>
                        <li class='exception displayed active'>
                            <div class='exception-heading'>
                                <span class='exception-name'>org.openqa.selenium.ElementNotInteractableException</span>
                                <span class='exception-count right'><span class='label red lighten-1 white-text'>8</span></span>
                            </div>
                            <div class='exception-content hide'>
                                <div class='exception-tests'>
                                    <table class='bordered table-results'>
                                        <thead>
                                        <tr>
                                            <th>Timestamp</th>
                                            <th>TestName</th>
                                            <th>Status</th>
                                        </tr>
                                        </thead>
                                        <tbody>
                                                    <tr>
                                                        <td>Oct 10, 2020 12:37:23 PM</td>
                                                        <td class='linked' test-id='66'>Validate Add product To Cart and Place Order.Smoke test of the application from Add product to Place order.Smoke test of the application from Add product to Place order.Then User close the discount popup</td>
                                                        <td><pre><pre>org.openqa.selenium.ElementNotInteractableException: element not interactable
  (Session info: chrome=86.0.4240.75)
Build info: version: '3.141.59', revision: 'e82be7d358', time: '2018-11-14T08:17:03'
System info: host: 'AKNJC', ip: '192.168.0.108', os.name: 'Windows 10', os.arch: 'amd64', os.version: '10.0', java.version: '1.8.0_261'
Driver info: org.openqa.selenium.chrome.ChromeDriver
Capabilities {acceptInsecureCerts: false, browserName: chrome, browserVersion: 86.0.4240.75, chrome: {chromedriverVersion: 86.0.4240.22 (398b0743353ff..., userDataDir: C:\Users\Jay\AppData\Local\...}, goog:chromeOptions: {debuggerAddress: localhost:63679}, javascriptEnabled: true, networkConnectionEnabled: false, pageLoadStrategy: normal, platform: WINDOWS, platformName: WINDOWS, proxy: Proxy(), setWindowRect: true, strictFileInteractability: false, timeouts: {implicit: 0, pageLoad: 300000, script: 30000}, unhandledPromptBehavior: dismiss and notify, webauthn:virtualAuthenticators: true}
Session ID: bf32a0feec0468b1c8e1e9d2c4d8082f
	at sun.reflect.NativeConstructorAccessorImpl.newInstance0(Native Method)
	at sun.reflect.NativeConstructorAccessorImpl.newInstance(Unknown Source)
	at sun.reflect.DelegatingConstructorAccessorImpl.newInstance(Unknown Source)
	at java.lang.reflect.Constructor.newInstance(Unknown Source)
	at org.openqa.selenium.remote.http.W3CHttpResponseCodec.createException(W3CHttpResponseCodec.java:187)
	at org.openqa.selenium.remote.http.W3CHttpResponseCodec.decode(W3CHttpResponseCodec.java:122)
	at org.openqa.selenium.remote.http.W3CHttpResponseCodec.decode(W3CHttpResponseCodec.java:49)
	at org.openqa.selenium.remote.HttpCommandExecutor.execute(HttpCommandExecutor.java:158)
	at org.openqa.selenium.remote.service.DriverCommandExecutor.execute(DriverCommandExecutor.java:83)
	at org.openqa.selenium.remote.RemoteWebDriver.execute(RemoteWebDriver.java:552)
	at org.openqa.selenium.remote.RemoteWebElement.execute(RemoteWebElement.java:285)
	at org.openqa.selenium.remote.RemoteWebElement.sendKeys(RemoteWebElement.java:106)
	at stepDefinitions.HomeStepDefinition.user_close_the_discount_popup(HomeStepDefinition.java:72)
	at ✽.Then User close the discount popup(features/HomeAddToCart.feature:5)
</pre></pre></td>
                                                    </tr>
                                                    <tr>
                                                        <td>Oct 10, 2020 12:37:51 PM</td>
                                                        <td class='linked' test-id='83'>Validate Login To Application and Edit the account.Login with valid credentials.Login with valid credentials.Then User close the discount popup</td>
                                                        <td><pre><pre>org.openqa.selenium.ElementNotInteractableException: element not interactable
  (Session info: chrome=86.0.4240.75)
Build info: version: '3.141.59', revision: 'e82be7d358', time: '2018-11-14T08:17:03'
System info: host: 'AKNJC', ip: '192.168.0.108', os.name: 'Windows 10', os.arch: 'amd64', os.version: '10.0', java.version: '1.8.0_261'
Driver info: org.openqa.selenium.chrome.ChromeDriver
Capabilities {acceptInsecureCerts: false, browserName: chrome, browserVersion: 86.0.4240.75, chrome: {chromedriverVersion: 86.0.4240.22 (398b0743353ff..., userDataDir: C:\Users\Jay\AppData\Local\...}, goog:chromeOptions: {debuggerAddress: localhost:63679}, javascriptEnabled: true, networkConnectionEnabled: false, pageLoadStrategy: normal, platform: WINDOWS, platformName: WINDOWS, proxy: Proxy(), setWindowRect: true, strictFileInteractability: false, timeouts: {implicit: 0, pageLoad: 300000, script: 30000}, unhandledPromptBehavior: dismiss and notify, webauthn:virtualAuthenticators: true}
Session ID: bf32a0feec0468b1c8e1e9d2c4d8082f
	at sun.reflect.NativeConstructorAccessorImpl.newInstance0(Native Method)
	at sun.reflect.NativeConstructorAccessorImpl.newInstance(Unknown Source)
	at sun.reflect.DelegatingConstructorAccessorImpl.newInstance(Unknown Source)
	at java.lang.reflect.Constructor.newInstance(Unknown Source)
	at org.openqa.selenium.remote.http.W3CHttpResponseCodec.createException(W3CHttpResponseCodec.java:187)
	at org.openqa.selenium.remote.http.W3CHttpResponseCodec.decode(W3CHttpResponseCodec.java:122)
	at org.openqa.selenium.remote.http.W3CHttpResponseCodec.decode(W3CHttpResponseCodec.java:49)
	at org.openqa.selenium.remote.HttpCommandExecutor.execute(HttpCommandExecutor.java:158)
	at org.openqa.selenium.remote.service.DriverCommandExecutor.execute(DriverCommandExecutor.java:83)
	at org.openqa.selenium.remote.RemoteWebDriver.execute(RemoteWebDriver.java:552)
	at org.openqa.selenium.remote.RemoteWebElement.execute(RemoteWebElement.java:285)
	at org.openqa.selenium.remote.RemoteWebElement.sendKeys(RemoteWebElement.java:106)
	at stepDefinitions.HomeStepDefinition.user_close_the_discount_popup(HomeStepDefinition.java:72)
	at ✽.Then User close the discount popup(features/Login.feature:5)
</pre></pre></td>
                                                    </tr>
                                                    <tr>
                                                        <td>Oct 10, 2020 12:38:19 PM</td>
                                                        <td class='linked' test-id='92'>Validate Login To Application and Edit the account.Update User and biling and shipping details.Update User and biling and shipping details.Then User close the discount popup</td>
                                                        <td><pre><pre>org.openqa.selenium.ElementNotInteractableException: element not interactable
  (Session info: chrome=86.0.4240.75)
Build info: version: '3.141.59', revision: 'e82be7d358', time: '2018-11-14T08:17:03'
System info: host: 'AKNJC', ip: '192.168.0.108', os.name: 'Windows 10', os.arch: 'amd64', os.version: '10.0', java.version: '1.8.0_261'
Driver info: org.openqa.selenium.chrome.ChromeDriver
Capabilities {acceptInsecureCerts: false, browserName: chrome, browserVersion: 86.0.4240.75, chrome: {chromedriverVersion: 86.0.4240.22 (398b0743353ff..., userDataDir: C:\Users\Jay\AppData\Local\...}, goog:chromeOptions: {debuggerAddress: localhost:63679}, javascriptEnabled: true, networkConnectionEnabled: false, pageLoadStrategy: normal, platform: WINDOWS, platformName: WINDOWS, proxy: Proxy(), setWindowRect: true, strictFileInteractability: false, timeouts: {implicit: 0, pageLoad: 300000, script: 30000}, unhandledPromptBehavior: dismiss and notify, webauthn:virtualAuthenticators: true}
Session ID: bf32a0feec0468b1c8e1e9d2c4d8082f
	at sun.reflect.NativeConstructorAccessorImpl.newInstance0(Native Method)
	at sun.reflect.NativeConstructorAccessorImpl.newInstance(Unknown Source)
	at sun.reflect.DelegatingConstructorAccessorImpl.newInstance(Unknown Source)
	at java.lang.reflect.Constructor.newInstance(Unknown Source)
	at org.openqa.selenium.remote.http.W3CHttpResponseCodec.createException(W3CHttpResponseCodec.java:187)
	at org.openqa.selenium.remote.http.W3CHttpResponseCodec.decode(W3CHttpResponseCodec.java:122)
	at org.openqa.selenium.remote.http.W3CHttpResponseCodec.decode(W3CHttpResponseCodec.java:49)
	at org.openqa.selenium.remote.HttpCommandExecutor.execute(HttpCommandExecutor.java:158)
	at org.openqa.selenium.remote.service.DriverCommandExecutor.execute(DriverCommandExecutor.java:83)
	at org.openqa.selenium.remote.RemoteWebDriver.execute(RemoteWebDriver.java:552)
	at org.openqa.selenium.remote.RemoteWebElement.execute(RemoteWebElement.java:285)
	at org.openqa.selenium.remote.RemoteWebElement.sendKeys(RemoteWebElement.java:106)
	at stepDefinitions.HomeStepDefinition.user_close_the_discount_popup(HomeStepDefinition.java:72)
	at ✽.Then User close the discount popup(features/Login.feature:18)
</pre></pre></td>
                                                    </tr>
                                                    <tr>
                                                        <td>Oct 10, 2020 12:38:46 PM</td>
                                                        <td class='linked' test-id='103'>Validate Login To Application and Search Product and Add to Cart and Place Order.Login with valid credentials.Login with valid credentials.Then User close the discount popup</td>
                                                        <td><pre><pre>org.openqa.selenium.ElementNotInteractableException: element not interactable
  (Session info: chrome=86.0.4240.75)
Build info: version: '3.141.59', revision: 'e82be7d358', time: '2018-11-14T08:17:03'
System info: host: 'AKNJC', ip: '192.168.0.108', os.name: 'Windows 10', os.arch: 'amd64', os.version: '10.0', java.version: '1.8.0_261'
Driver info: org.openqa.selenium.chrome.ChromeDriver
Capabilities {acceptInsecureCerts: false, browserName: chrome, browserVersion: 86.0.4240.75, chrome: {chromedriverVersion: 86.0.4240.22 (398b0743353ff..., userDataDir: C:\Users\Jay\AppData\Local\...}, goog:chromeOptions: {debuggerAddress: localhost:63679}, javascriptEnabled: true, networkConnectionEnabled: false, pageLoadStrategy: normal, platform: WINDOWS, platformName: WINDOWS, proxy: Proxy(), setWindowRect: true, strictFileInteractability: false, timeouts: {implicit: 0, pageLoad: 300000, script: 30000}, unhandledPromptBehavior: dismiss and notify, webauthn:virtualAuthenticators: true}
Session ID: bf32a0feec0468b1c8e1e9d2c4d8082f
	at sun.reflect.NativeConstructorAccessorImpl.newInstance0(Native Method)
	at sun.reflect.NativeConstructorAccessorImpl.newInstance(Unknown Source)
	at sun.reflect.DelegatingConstructorAccessorImpl.newInstance(Unknown Source)
	at java.lang.reflect.Constructor.newInstance(Unknown Source)
	at org.openqa.selenium.remote.http.W3CHttpResponseCodec.createException(W3CHttpResponseCodec.java:187)
	at org.openqa.selenium.remote.http.W3CHttpResponseCodec.decode(W3CHttpResponseCodec.java:122)
	at org.openqa.selenium.remote.http.W3CHttpResponseCodec.decode(W3CHttpResponseCodec.java:49)
	at org.openqa.selenium.remote.HttpCommandExecutor.execute(HttpCommandExecutor.java:158)
	at org.openqa.selenium.remote.service.DriverCommandExecutor.execute(DriverCommandExecutor.java:83)
	at org.openqa.selenium.remote.RemoteWebDriver.execute(RemoteWebDriver.java:552)
	at org.openqa.selenium.remote.RemoteWebElement.execute(RemoteWebElement.java:285)
	at org.openqa.selenium.remote.RemoteWebElement.sendKeys(RemoteWebElement.java:106)
	at stepDefinitions.HomeStepDefinition.user_close_the_discount_popup(HomeStepDefinition.java:72)
	at ✽.Then User close the discount popup(features/MultipleSearchItems.feature:5)
</pre></pre></td>
                                                    </tr>
                                                    <tr>
                                                        <td>Oct 10, 2020 12:44:47 PM</td>
                                                        <td class='linked' test-id='157'>Validate Search Product and Add to Cart and Place Order.Smoke test of the application from Search product to Add product to Place order.Smoke test of the application from Search product to Add product to Place order.Then User close the discount popup</td>
                                                        <td><pre><pre>org.openqa.selenium.ElementNotInteractableException: element not interactable
  (Session info: chrome=86.0.4240.75)
Build info: version: '3.141.59', revision: 'e82be7d358', time: '2018-11-14T08:17:03'
System info: host: 'AKNJC', ip: '192.168.0.108', os.name: 'Windows 10', os.arch: 'amd64', os.version: '10.0', java.version: '1.8.0_261'
Driver info: org.openqa.selenium.chrome.ChromeDriver
Capabilities {acceptInsecureCerts: false, browserName: chrome, browserVersion: 86.0.4240.75, chrome: {chromedriverVersion: 86.0.4240.22 (398b0743353ff..., userDataDir: C:\Users\Jay\AppData\Local\...}, goog:chromeOptions: {debuggerAddress: localhost:63679}, javascriptEnabled: true, networkConnectionEnabled: false, pageLoadStrategy: normal, platform: WINDOWS, platformName: WINDOWS, proxy: Proxy(), setWindowRect: true, strictFileInteractability: false, timeouts: {implicit: 0, pageLoad: 300000, script: 30000}, unhandledPromptBehavior: dismiss and notify, webauthn:virtualAuthenticators: true}
Session ID: bf32a0feec0468b1c8e1e9d2c4d8082f
	at sun.reflect.NativeConstructorAccessorImpl.newInstance0(Native Method)
	at sun.reflect.NativeConstructorAccessorImpl.newInstance(Unknown Source)
	at sun.reflect.DelegatingConstructorAccessorImpl.newInstance(Unknown Source)
	at java.lang.reflect.Constructor.newInstance(Unknown Source)
	at org.openqa.selenium.remote.http.W3CHttpResponseCodec.createException(W3CHttpResponseCodec.java:187)
	at org.openqa.selenium.remote.http.W3CHttpResponseCodec.decode(W3CHttpResponseCodec.java:122)
	at org.openqa.selenium.remote.http.W3CHttpResponseCodec.decode(W3CHttpResponseCodec.java:49)
	at org.openqa.selenium.remote.HttpCommandExecutor.execute(HttpCommandExecutor.java:158)
	at org.openqa.selenium.remote.service.DriverCommandExecutor.execute(DriverCommandExecutor.java:83)
	at org.openqa.selenium.remote.RemoteWebDriver.execute(RemoteWebDriver.java:552)
	at org.openqa.selenium.remote.RemoteWebElement.execute(RemoteWebElement.java:285)
	at org.openqa.selenium.remote.RemoteWebElement.sendKeys(RemoteWebElement.java:106)
	at stepDefinitions.HomeStepDefinition.user_close_the_discount_popup(HomeStepDefinition.java:72)
	at ✽.Then User close the discount popup(features/SearchAddToCart.feature:5)
</pre></pre></td>
                                                    </tr>
                                                    <tr>
                                                        <td>Oct 10, 2020 12:45:16 PM</td>
                                                        <td class='linked' test-id='177'>Validate Sign-In and Reset/Forgot Password Functioanlity.Smoke test of the application Signin Forgot your password link functional test.Smoke test of the application Signin Forgot your password link functional test.Then User close the discount popup</td>
                                                        <td><pre><pre>org.openqa.selenium.ElementNotInteractableException: element not interactable
  (Session info: chrome=86.0.4240.75)
Build info: version: '3.141.59', revision: 'e82be7d358', time: '2018-11-14T08:17:03'
System info: host: 'AKNJC', ip: '192.168.0.108', os.name: 'Windows 10', os.arch: 'amd64', os.version: '10.0', java.version: '1.8.0_261'
Driver info: org.openqa.selenium.chrome.ChromeDriver
Capabilities {acceptInsecureCerts: false, browserName: chrome, browserVersion: 86.0.4240.75, chrome: {chromedriverVersion: 86.0.4240.22 (398b0743353ff..., userDataDir: C:\Users\Jay\AppData\Local\...}, goog:chromeOptions: {debuggerAddress: localhost:63679}, javascriptEnabled: true, networkConnectionEnabled: false, pageLoadStrategy: normal, platform: WINDOWS, platformName: WINDOWS, proxy: Proxy(), setWindowRect: true, strictFileInteractability: false, timeouts: {implicit: 0, pageLoad: 300000, script: 30000}, unhandledPromptBehavior: dismiss and notify, webauthn:virtualAuthenticators: true}
Session ID: bf32a0feec0468b1c8e1e9d2c4d8082f
	at sun.reflect.NativeConstructorAccessorImpl.newInstance0(Native Method)
	at sun.reflect.NativeConstructorAccessorImpl.newInstance(Unknown Source)
	at sun.reflect.DelegatingConstructorAccessorImpl.newInstance(Unknown Source)
	at java.lang.reflect.Constructor.newInstance(Unknown Source)
	at org.openqa.selenium.remote.http.W3CHttpResponseCodec.createException(W3CHttpResponseCodec.java:187)
	at org.openqa.selenium.remote.http.W3CHttpResponseCodec.decode(W3CHttpResponseCodec.java:122)
	at org.openqa.selenium.remote.http.W3CHttpResponseCodec.decode(W3CHttpResponseCodec.java:49)
	at org.openqa.selenium.remote.HttpCommandExecutor.execute(HttpCommandExecutor.java:158)
	at org.openqa.selenium.remote.service.DriverCommandExecutor.execute(DriverCommandExecutor.java:83)
	at org.openqa.selenium.remote.RemoteWebDriver.execute(RemoteWebDriver.java:552)
	at org.openqa.selenium.remote.RemoteWebElement.execute(RemoteWebElement.java:285)
	at org.openqa.selenium.remote.RemoteWebElement.sendKeys(RemoteWebElement.java:106)
	at stepDefinitions.HomeStepDefinition.user_close_the_discount_popup(HomeStepDefinition.java:72)
	at ✽.Then User close the discount popup(features/SignIn.feature:5)
</pre></pre></td>
                                                    </tr>
                                                    <tr>
                                                        <td>Oct 10, 2020 12:45:44 PM</td>
                                                        <td class='linked' test-id='194'>Validate the sign-up functionality.Smoke test of the application Sign-Up functional test.Smoke test of the application Sign-Up functional test.Then User close the discount popup</td>
                                                        <td><pre><pre>org.openqa.selenium.ElementNotInteractableException: element not interactable
  (Session info: chrome=86.0.4240.75)
Build info: version: '3.141.59', revision: 'e82be7d358', time: '2018-11-14T08:17:03'
System info: host: 'AKNJC', ip: '192.168.0.108', os.name: 'Windows 10', os.arch: 'amd64', os.version: '10.0', java.version: '1.8.0_261'
Driver info: org.openqa.selenium.chrome.ChromeDriver
Capabilities {acceptInsecureCerts: false, browserName: chrome, browserVersion: 86.0.4240.75, chrome: {chromedriverVersion: 86.0.4240.22 (398b0743353ff..., userDataDir: C:\Users\Jay\AppData\Local\...}, goog:chromeOptions: {debuggerAddress: localhost:63679}, javascriptEnabled: true, networkConnectionEnabled: false, pageLoadStrategy: normal, platform: WINDOWS, platformName: WINDOWS, proxy: Proxy(), setWindowRect: true, strictFileInteractability: false, timeouts: {implicit: 0, pageLoad: 300000, script: 30000}, unhandledPromptBehavior: dismiss and notify, webauthn:virtualAuthenticators: true}
Session ID: bf32a0feec0468b1c8e1e9d2c4d8082f
	at sun.reflect.NativeConstructorAccessorImpl.newInstance0(Native Method)
	at sun.reflect.NativeConstructorAccessorImpl.newInstance(Unknown Source)
	at sun.reflect.DelegatingConstructorAccessorImpl.newInstance(Unknown Source)
	at java.lang.reflect.Constructor.newInstance(Unknown Source)
	at org.openqa.selenium.remote.http.W3CHttpResponseCodec.createException(W3CHttpResponseCodec.java:187)
	at org.openqa.selenium.remote.http.W3CHttpResponseCodec.decode(W3CHttpResponseCodec.java:122)
	at org.openqa.selenium.remote.http.W3CHttpResponseCodec.decode(W3CHttpResponseCodec.java:49)
	at org.openqa.selenium.remote.HttpCommandExecutor.execute(HttpCommandExecutor.java:158)
	at org.openqa.selenium.remote.service.DriverCommandExecutor.execute(DriverCommandExecutor.java:83)
	at org.openqa.selenium.remote.RemoteWebDriver.execute(RemoteWebDriver.java:552)
	at org.openqa.selenium.remote.RemoteWebElement.execute(RemoteWebElement.java:285)
	at org.openqa.selenium.remote.RemoteWebElement.sendKeys(RemoteWebElement.java:106)
	at stepDefinitions.HomeStepDefinition.user_close_the_discount_popup(HomeStepDefinition.java:72)
	at ✽.Then User close the discount popup(features/Signup.feature:5)
</pre></pre></td>
                                                    </tr>
                                                    <tr>
                                                        <td>Oct 10, 2020 12:46:13 PM</td>
                                                        <td class='linked' test-id='207'>Validate Login To Application and Add to product to wishlist.Login to Application and Add product to wishlist.Login to Application and Add product to wishlist.Then User close the discount popup</td>
                                                        <td><pre><pre>org.openqa.selenium.ElementNotInteractableException: element not interactable
  (Session info: chrome=86.0.4240.75)
Build info: version: '3.141.59', revision: 'e82be7d358', time: '2018-11-14T08:17:03'
System info: host: 'AKNJC', ip: '192.168.0.108', os.name: 'Windows 10', os.arch: 'amd64', os.version: '10.0', java.version: '1.8.0_261'
Driver info: org.openqa.selenium.chrome.ChromeDriver
Capabilities {acceptInsecureCerts: false, browserName: chrome, browserVersion: 86.0.4240.75, chrome: {chromedriverVersion: 86.0.4240.22 (398b0743353ff..., userDataDir: C:\Users\Jay\AppData\Local\...}, goog:chromeOptions: {debuggerAddress: localhost:63679}, javascriptEnabled: true, networkConnectionEnabled: false, pageLoadStrategy: normal, platform: WINDOWS, platformName: WINDOWS, proxy: Proxy(), setWindowRect: true, strictFileInteractability: false, timeouts: {implicit: 0, pageLoad: 300000, script: 30000}, unhandledPromptBehavior: dismiss and notify, webauthn:virtualAuthenticators: true}
Session ID: bf32a0feec0468b1c8e1e9d2c4d8082f
	at sun.reflect.NativeConstructorAccessorImpl.newInstance0(Native Method)
	at sun.reflect.NativeConstructorAccessorImpl.newInstance(Unknown Source)
	at sun.reflect.DelegatingConstructorAccessorImpl.newInstance(Unknown Source)
	at java.lang.reflect.Constructor.newInstance(Unknown Source)
	at org.openqa.selenium.remote.http.W3CHttpResponseCodec.createException(W3CHttpResponseCodec.java:187)
	at org.openqa.selenium.remote.http.W3CHttpResponseCodec.decode(W3CHttpResponseCodec.java:122)
	at org.openqa.selenium.remote.http.W3CHttpResponseCodec.decode(W3CHttpResponseCodec.java:49)
	at org.openqa.selenium.remote.HttpCommandExecutor.execute(HttpCommandExecutor.java:158)
	at org.openqa.selenium.remote.service.DriverCommandExecutor.execute(DriverCommandExecutor.java:83)
	at org.openqa.selenium.remote.RemoteWebDriver.execute(RemoteWebDriver.java:552)
	at org.openqa.selenium.remote.RemoteWebElement.execute(RemoteWebElement.java:285)
	at org.openqa.selenium.remote.RemoteWebElement.sendKeys(RemoteWebElement.java:106)
	at stepDefinitions.HomeStepDefinition.user_close_the_discount_popup(HomeStepDefinition.java:72)
	at ✽.Then User close the discount popup(features/WishList.feature:5)
</pre></pre></td>
                                                    </tr>
                                        </tbody>
                                    </table>
                                </div>
                            </div>
                        </li>
                        <li class='exception displayed active'>
                            <div class='exception-heading'>
                                <span class='exception-name'>org.openqa.selenium.NoSuchElementException</span>
                                <span class='exception-count right'><span class='label red lighten-1 white-text'>1</span></span>
                            </div>
                            <div class='exception-content hide'>
                                <div class='exception-tests'>
                                    <table class='bordered table-results'>
                                        <thead>
                                        <tr>
                                            <th>Timestamp</th>
                                            <th>TestName</th>
                                            <th>Status</th>
                                        </tr>
                                        </thead>
                                        <tbody>
                                                    <tr>
                                                        <td>Oct 10, 2020 12:44:21 PM</td>
                                                        <td class='linked' test-id='149'>Validate Login To Application and Search Product and Add to Cart and Place Order.Smoke test of the application from Search product to Quick View  product to Place order.Smoke test of the application from Search product to Quick View  product to Place order.And User enter credit card details "4242424242424242","0325","123"</td>
                                                        <td><pre><pre>org.openqa.selenium.NoSuchElementException: no such element: Unable to locate element: {"method":"xpath","selector":"//*[@id='stripe-card-element']/div/iframe"}
  (Session info: chrome=86.0.4240.75)
For documentation on this error, please visit: https://www.seleniumhq.org/exceptions/no_such_element.html
Build info: version: '3.141.59', revision: 'e82be7d358', time: '2018-11-14T08:17:03'
System info: host: 'AKNJC', ip: '192.168.0.108', os.name: 'Windows 10', os.arch: 'amd64', os.version: '10.0', java.version: '1.8.0_261'
Driver info: org.openqa.selenium.chrome.ChromeDriver
Capabilities {acceptInsecureCerts: false, browserName: chrome, browserVersion: 86.0.4240.75, chrome: {chromedriverVersion: 86.0.4240.22 (398b0743353ff..., userDataDir: C:\Users\Jay\AppData\Local\...}, goog:chromeOptions: {debuggerAddress: localhost:63679}, javascriptEnabled: true, networkConnectionEnabled: false, pageLoadStrategy: normal, platform: WINDOWS, platformName: WINDOWS, proxy: Proxy(), setWindowRect: true, strictFileInteractability: false, timeouts: {implicit: 0, pageLoad: 300000, script: 30000}, unhandledPromptBehavior: dismiss and notify, webauthn:virtualAuthenticators: true}
Session ID: bf32a0feec0468b1c8e1e9d2c4d8082f
*** Element info: {Using=xpath, value=//*[@id='stripe-card-element']/div/iframe}
	at sun.reflect.GeneratedConstructorAccessor27.newInstance(Unknown Source)
	at sun.reflect.DelegatingConstructorAccessorImpl.newInstance(Unknown Source)
	at java.lang.reflect.Constructor.newInstance(Unknown Source)
	at org.openqa.selenium.remote.http.W3CHttpResponseCodec.createException(W3CHttpResponseCodec.java:187)
	at org.openqa.selenium.remote.http.W3CHttpResponseCodec.decode(W3CHttpResponseCodec.java:122)
	at org.openqa.selenium.remote.http.W3CHttpResponseCodec.decode(W3CHttpResponseCodec.java:49)
	at org.openqa.selenium.remote.HttpCommandExecutor.execute(HttpCommandExecutor.java:158)
	at org.openqa.selenium.remote.service.DriverCommandExecutor.execute(DriverCommandExecutor.java:83)
	at org.openqa.selenium.remote.RemoteWebDriver.execute(RemoteWebDriver.java:552)
	at org.openqa.selenium.remote.RemoteWebDriver.findElement(RemoteWebDriver.java:323)
	at org.openqa.selenium.remote.RemoteWebDriver.findElementByXPath(RemoteWebDriver.java:428)
	at org.openqa.selenium.By$ByXPath.findElement(By.java:353)
	at org.openqa.selenium.remote.RemoteWebDriver.findElement(RemoteWebDriver.java:315)
	at pageObjects.BillingPage.enterCardnumber(BillingPage.java:237)
	at stepDefinitions.HomeStepDefinition.user_enter_credit_card_details(HomeStepDefinition.java:171)
	at ✽.And User enter credit card details "4242424242424242","0325","123"(features/MultipleSearchItems.feature:41)
</pre></pre></td>
                                                    </tr>
                                        </tbody>
                                    </table>
                                </div>
                            </div>
                        </li>
                </ul>
        </div>
    </div>

    <div class='subview-right left'>
        <div class='view-summary'>
            <h5 class='exception-name'></h5>
        </div>
    </div>
</div>
<!-- exception view -->
<div id='dashboard-view' class='view hide'>
	<div class='card-panel transparent np-v'>
		<h5>Dashboard</h5>

		<div class='row'>
			<div class='col s2'>
				<div class='card-panel r'>
					Features
					<div class='panel-lead'>8</div>
				</div>
			</div>
			<div class='col s2'>
				<div class='card-panel r'>
					Scenarios
					<div class='panel-lead'>32</div>
				</div>
			</div>
			<div class='col s2'>
				<div class='card-panel r'>
					Steps
					<div class='panel-lead'>174</div>
				</div>
			</div>
			<div class='col s2'>
				<div class='card-panel r'>
					Start
					<div class='panel-lead'>Oct 10, 2020 12:36:14 PM</div>
				</div>
			</div>
			<div class='col s2'>
				<div class='card-panel r'>
			 		End
			 		<div class='panel-lead'>Oct 10, 2020 12:46:38 PM</div>
				</div>
			</div>
			<div class='col s2'>
				<div class='card-panel r'>
					Time Taken
					<div class='panel-lead'>0h 10m 23s+936ms</div>
				</div>
			</div>
		</div>
	</div>
</div>
<!-- dashboard view -->
<!-- testrunner-logs view -->
		</div>
		<!-- container -->

		<script>
			var statusGroup = {
				passParent: 0,
				failParent: 8,
				fatalParent: 0,
				errorParent: 0,
				warningParent: 0,
				skipParent: 0,
				exceptionsParent: 8,
				
				passChild: 22,
				failChild: 10,
				fatalChild: 0,
				errorChild: 0,
				warningChild: 0,
				skipChild: 0,
				infoChild: 0,
				exceptionsChild: 10,
				
				passGrandChild: 63,
				failGrandChild: 10,
				fatalGrandChild: 0,
				errorGrandChild: 0,
				warningGrandChild: 0,
				skipGrandChild: 101,
				infoGrandChild: 0,
				exceptionsGrandChild: 111,
			};
		</script>
		
			<script src='https://cdn.rawgit.com/anshooarora/extentreports-java/fca20fb7653aade98810546ab96a2a4360e3e712/dist/js/extent.js' type='text/javascript'></script>
		
		
 		<script type='text/javascript'>
 		</script>
	</body>
	
</html>
